#
# There is insufficient memory for the Java Runtime Environment to continue.
# Native memory allocation (mmap) failed to map 95420416 bytes for Failed to commit area from 0x0000000086e00000 to 0x000000008c900000 of length 95420416.
# Possible reasons:
#   The system is out of physical RAM or swap space
#   The process is running with CompressedOops enabled, and the Java Heap may be blocking the growth of the native heap
# Possible solutions:
#   Reduce memory load on the system
#   Increase physical memory or swap space
#   Check if swap backing store is full
#   Decrease Java heap size (-Xmx/-Xms)
#   Decrease number of Java threads
#   Decrease Java thread stack sizes (-Xss)
#   Set larger code cache with -XX:ReservedCodeCacheSize=
#   JVM is running with Unscaled Compressed Oops mode in which the Java heap is
#     placed in the first 4GB address space. The Java Heap base address is the
#     maximum limit for the native heap growth. Please use -XX:HeapBaseMinAddress
#     to set the Java Heap base and to place the Java Heap above 4GB virtual address.
# This output file may be truncated or incomplete.
#
#  Out of Memory Error (src/hotspot/os/windows/os_windows.cpp:3627), pid=6988, tid=11036
#
# JRE version: OpenJDK Runtime Environment (11.0.15) (build 11.0.15+0-b2043.56-9505619)
# Java VM: OpenJDK 64-Bit Server VM (11.0.15+0-b2043.56-9505619, mixed mode, tiered, compressed oops, g1 gc, windows-amd64)
# No core dump will be written. Minidumps are not enabled by default on client versions of Windows
#

---------------  S U M M A R Y ------------

Command Line: --add-opens=java.base/java.util=ALL-UNNAMED --add-opens=java.base/java.lang=ALL-UNNAMED --add-opens=java.base/java.lang.invoke=ALL-UNNAMED --add-opens=java.base/java.util=ALL-UNNAMED --add-opens=java.prefs/java.util.prefs=ALL-UNNAMED --add-opens=java.prefs/java.util.prefs=ALL-UNNAMED --add-opens=java.base/java.nio.charset=ALL-UNNAMED --add-opens=java.base/java.net=ALL-UNNAMED --add-opens=java.base/java.util.concurrent.atomic=ALL-UNNAMED -Xmx2048m -Dfile.encoding=UTF-8 -Duser.country=US -Duser.language=en -Duser.variant org.gradle.launcher.daemon.bootstrap.GradleDaemon 7.3.3

Host: Intel(R) Core(TM) i3-1005G1 CPU @ 1.20GHz, 4 cores, 3G,  Windows 10 , 64 bit Build 19041 (10.0.19041.2788)
Time: Mon Mar 27 19:27:44 2023 SE Asia Standard Time elapsed time: 14.294295 seconds (0d 0h 0m 14s)

---------------  T H R E A D  ---------------

Current thread (0x000001973f7b7800):  VMThread "VM Thread" [stack: 0x00000025f3400000,0x00000025f3500000] [id=11036]

Stack: [0x00000025f3400000,0x00000025f3500000]
[error occurred during error reporting (printing stack bounds), id 0xc0000005, EXCEPTION_ACCESS_VIOLATION (0xc0000005) at pc=0x0000019728f212e7]

Native frames: (J=compiled Java code, j=interpreted, Vv=VM code, C=native code)
V  [jvm.dll+0x64135a]
V  [jvm.dll+0x7d39f9]
V  [jvm.dll+0x7d51b9]
V  [jvm.dll+0x7d5805]
V  [jvm.dll+0x7d57bb]
V  [jvm.dll+0x640655]
V  [jvm.dll+0x640d68]
C  [ntdll.dll+0xa23df]
C  [ntdll.dll+0x514a4]
C  [ntdll.dll+0xa0f0e]
C  0x0000019728f212e7

VM_Operation (0x00000025f48f23c0): G1CollectForAllocation, mode: safepoint, requested by thread 0x0000019740728000


---------------  P R O C E S S  ---------------

Threads class SMR info:
_java_thread_list=0x00000197441334a0, length=35, elements={
0x00000197253f3800, 0x000001973f7ba000, 0x000001973f7bb000, 0x000001973f81e000,
0x000001973f821000, 0x000001973f822000, 0x000001973f824800, 0x000001973f825800,
0x000001973f999000, 0x000001973fa93800, 0x0000019741517800, 0x00000197405a7000,
0x00000197410e4800, 0x0000019740f3a800, 0x00000197412a7800, 0x0000019740b5f000,
0x0000019740728000, 0x0000019741168000, 0x000001974072b000, 0x0000019740dbf000,
0x00000197412e0000, 0x00000197412e0800, 0x00000197412dd800, 0x00000197412db000,
0x00000197412df000, 0x00000197412e1800, 0x00000197412dc000, 0x00000197412dc800,
0x00000197412de800, 0x00000197421f8800, 0x00000197421f7000, 0x00000197421f8000,
0x00000197421f5800, 0x00000197421f9800, 0x00000197421f6000
}

Java Threads: ( => current thread )
  0x00000197253f3800 JavaThread "main" [_thread_blocked, id=6980, stack(0x00000025f2e00000,0x00000025f2f00000)]
  0x000001973f7ba000 JavaThread "Reference Handler" daemon [_thread_blocked, id=8432, stack(0x00000025f3500000,0x00000025f3600000)]
  0x000001973f7bb000 JavaThread "Finalizer" daemon [_thread_blocked, id=6216, stack(0x00000025f3600000,0x00000025f3700000)]
  0x000001973f81e000 JavaThread "Signal Dispatcher" daemon [_thread_blocked, id=8240, stack(0x00000025f3700000,0x00000025f3800000)]
  0x000001973f821000 JavaThread "Attach Listener" daemon [_thread_blocked, id=9344, stack(0x00000025f3800000,0x00000025f3900000)]
  0x000001973f822000 JavaThread "Service Thread" daemon [_thread_blocked, id=1044, stack(0x00000025f3900000,0x00000025f3a00000)]
  0x000001973f824800 JavaThread "C2 CompilerThread0" daemon [_thread_in_native, id=11240, stack(0x00000025f3a00000,0x00000025f3b00000)]
  0x000001973f825800 JavaThread "C1 CompilerThread0" daemon [_thread_blocked, id=4512, stack(0x00000025f3b00000,0x00000025f3c00000)]
  0x000001973f999000 JavaThread "Sweeper thread" daemon [_thread_blocked, id=7232, stack(0x00000025f3c00000,0x00000025f3d00000)]
  0x000001973fa93800 JavaThread "Common-Cleaner" daemon [_thread_blocked, id=9756, stack(0x00000025f3d00000,0x00000025f3e00000)]
  0x0000019741517800 JavaThread "Daemon health stats" [_thread_blocked, id=5444, stack(0x00000025f4000000,0x00000025f4100000)]
  0x00000197405a7000 JavaThread "Incoming local TCP Connector on port 10629" [_thread_in_native, id=2324, stack(0x00000025f4300000,0x00000025f4400000)]
  0x00000197410e4800 JavaThread "Daemon periodic checks" [_thread_blocked, id=11088, stack(0x00000025f4400000,0x00000025f4500000)]
  0x0000019740f3a800 JavaThread "Daemon" [_thread_blocked, id=10232, stack(0x00000025f4500000,0x00000025f4600000)]
  0x00000197412a7800 JavaThread "Handler for socket connection from /127.0.0.1:10629 to /127.0.0.1:10630" [_thread_in_native, id=9480, stack(0x00000025f4600000,0x00000025f4700000)]
  0x0000019740b5f000 JavaThread "Cancel handler" [_thread_blocked, id=8444, stack(0x00000025f4700000,0x00000025f4800000)]
  0x0000019740728000 JavaThread "Daemon worker" [_thread_blocked, id=8260, stack(0x00000025f4800000,0x00000025f4900000)]
  0x0000019741168000 JavaThread "Asynchronous log dispatcher for DefaultDaemonConnection: socket connection from /127.0.0.1:10629 to /127.0.0.1:10630" [_thread_blocked, id=5900, stack(0x00000025f4900000,0x00000025f4a00000)]
  0x000001974072b000 JavaThread "Stdin handler" [_thread_blocked, id=1736, stack(0x00000025f4a00000,0x00000025f4b00000)]
  0x0000019740dbf000 JavaThread "Daemon client event forwarder" [_thread_blocked, id=2436, stack(0x00000025f4b00000,0x00000025f4c00000)]
  0x00000197412e0000 JavaThread "Cache worker for journal cache (C:\Users\Asus\.gradle\caches\journal-1)" [_thread_blocked, id=11128, stack(0x00000025f4c00000,0x00000025f4d00000)]
  0x00000197412e0800 JavaThread "File lock request listener" [_thread_in_native, id=684, stack(0x00000025f4d00000,0x00000025f4e00000)]
  0x00000197412dd800 JavaThread "Cache worker for file hash cache (C:\Users\Asus\.gradle\caches\7.3.3\fileHashes)" [_thread_blocked, id=1396, stack(0x00000025f4e00000,0x00000025f4f00000)]
  0x00000197412db000 JavaThread "Cache worker for file hash cache (C:\Users\Asus\AndroidStudioProjects\RestoKita\.gradle\7.3.3\fileHashes)" [_thread_blocked, id=6244, stack(0x00000025f4f00000,0x00000025f5000000)]
  0x00000197412df000 JavaThread "File watcher server" daemon [_thread_in_native, id=9932, stack(0x00000025f5000000,0x00000025f5100000)]
  0x00000197412e1800 JavaThread "File watcher consumer" daemon [_thread_blocked, id=7916, stack(0x00000025f5100000,0x00000025f5200000)]
  0x00000197412dc000 JavaThread "jar transforms" [_thread_blocked, id=4400, stack(0x00000025f5200000,0x00000025f5300000)]
  0x00000197412dc800 JavaThread "jar transforms Thread 2" [_thread_blocked, id=1764, stack(0x00000025f5300000,0x00000025f5400000)]
  0x00000197412de800 JavaThread "jar transforms Thread 3" [_thread_blocked, id=8360, stack(0x00000025f5400000,0x00000025f5500000)]
  0x00000197421f8800 JavaThread "jar transforms Thread 4" [_thread_blocked, id=10596, stack(0x00000025f5500000,0x00000025f5600000)]
  0x00000197421f7000 JavaThread "Cache worker for checksums cache (C:\Users\Asus\AndroidStudioProjects\RestoKita\.gradle\7.3.3\checksums)" [_thread_blocked, id=5884, stack(0x00000025f5600000,0x00000025f5700000)]
  0x00000197421f8000 JavaThread "Cache worker for cache directory md-supplier (C:\Users\Asus\.gradle\caches\7.3.3\md-supplier)" [_thread_blocked, id=6964, stack(0x00000025f5700000,0x00000025f5800000)]
  0x00000197421f5800 JavaThread "Cache worker for cache directory md-rule (C:\Users\Asus\.gradle\caches\7.3.3\md-rule)" [_thread_blocked, id=10064, stack(0x00000025f5800000,0x00000025f5900000)]
  0x00000197421f9800 JavaThread "Cache worker for execution history cache (C:\Users\Asus\.gradle\caches\7.3.3\executionHistory)" [_thread_blocked, id=4608, stack(0x00000025f5900000,0x00000025f5a00000)]
  0x00000197421f6000 JavaThread "Cache worker for file content cache (C:\Users\Asus\.gradle\caches\7.3.3\fileContent)" [_thread_blocked, id=4976, stack(0x00000025f5a00000,0x00000025f5b00000)]

Other Threads:
=>0x000001973f7b7800 VMThread "VM Thread" [stack: 0x00000025f3400000,0x00000025f3500000] [id=11036]
  0x000001973fac1000 WatcherThread [stack: 0x00000025f3e00000,0x00000025f3f00000] [id=5232]
  0x000001972540d000 GCTaskThread "GC Thread#0" [stack: 0x00000025f2f00000,0x00000025f3000000] [id=2760]
  0x000001973ff7a000 GCTaskThread "GC Thread#1" [stack: 0x00000025f3f00000,0x00000025f4000000] [id=10868]
  0x000001974047a800 GCTaskThread "GC Thread#2" [stack: 0x00000025f4100000,0x00000025f4200000] [id=5192]
  0x0000019741124800 GCTaskThread "GC Thread#3" [stack: 0x00000025f4200000,0x00000025f4300000] [id=440]
  0x000001972543c800 ConcurrentGCThread "G1 Main Marker" [stack: 0x00000025f3000000,0x00000025f3100000] [id=11236]
  0x000001972543e000 ConcurrentGCThread "G1 Conc#0" [stack: 0x00000025f3100000,0x00000025f3200000] [id=7220]
  0x0000019725484000 ConcurrentGCThread "G1 Refine#0" [stack: 0x00000025f3200000,0x00000025f3300000] [id=2264]
  0x0000019725485000 ConcurrentGCThread "G1 Young RemSet Sampling" [stack: 0x00000025f3300000,0x00000025f3400000] [id=420]

Threads with active compile tasks:
C2 CompilerThread0    14325 3679       4       org.objectweb.asm.Frame::execute (2318 bytes)

VM state:at safepoint (normal execution)

VM Mutex/Monitor currently owned by a thread:  ([mutex/lock_event])
[0x00000197253f0a50] Threads_lock - owner thread: 0x000001973f7b7800
[0x00000197253efd60] Heap_lock - owner thread: 0x0000019740728000

Heap address: 0x0000000080000000, size: 2048 MB, Compressed Oops mode: 32-bit
Narrow klass base: 0x0000000000000000, Narrow klass shift: 3
Compressed class space size: 1073741824 Address: 0x0000000100000000

Heap:
 garbage-first heap   total 205824K, used 60387K [0x0000000080000000, 0x0000000100000000)
  region size 1024K, 2 young (2048K), 2 survivors (2048K)
 Metaspace       used 42763K, capacity 43868K, committed 44032K, reserved 1087488K
  class space    used 5425K, capacity 5843K, committed 5888K, reserved 1048576K
Heap Regions: E=young(eden), S=young(survivor), O=old, HS=humongous(starts), HC=humongous(continues), CS=collection set, F=free, A=archive, TAMS=top-at-mark-start (previous, next)
|   0|0x0000000080000000, 0x0000000080100000, 0x0000000080100000|100%| O|  |TAMS 0x0000000080100000, 0x0000000080000000| Untracked 
|   1|0x0000000080100000, 0x0000000080200000, 0x0000000080200000|100%| O|  |TAMS 0x0000000080200000, 0x0000000080100000| Untracked 
|   2|0x0000000080200000, 0x0000000080300000, 0x0000000080300000|100%| O|  |TAMS 0x0000000080300000, 0x0000000080200000| Untracked 
|   3|0x0000000080300000, 0x0000000080400000, 0x0000000080400000|100%|HS|  |TAMS 0x0000000080400000, 0x0000000080300000| Complete 
|   4|0x0000000080400000, 0x0000000080500000, 0x0000000080500000|100%|HC|  |TAMS 0x0000000080500000, 0x0000000080400000| Complete 
|   5|0x0000000080500000, 0x0000000080600000, 0x0000000080600000|100%|HC|  |TAMS 0x0000000080600000, 0x0000000080500000| Complete 
|   6|0x0000000080600000, 0x0000000080700000, 0x0000000080700000|100%| O|  |TAMS 0x0000000080700000, 0x0000000080600000| Untracked 
|   7|0x0000000080700000, 0x0000000080800000, 0x0000000080800000|100%| O|  |TAMS 0x0000000080800000, 0x0000000080700000| Untracked 
|   8|0x0000000080800000, 0x0000000080900000, 0x0000000080900000|100%| O|  |TAMS 0x0000000080900000, 0x0000000080800000| Untracked 
|   9|0x0000000080900000, 0x0000000080a00000, 0x0000000080a00000|100%| O|  |TAMS 0x0000000080a00000, 0x0000000080900000| Untracked 
|  10|0x0000000080a00000, 0x0000000080b00000, 0x0000000080b00000|100%| O|  |TAMS 0x0000000080b00000, 0x0000000080a00000| Untracked 
|  11|0x0000000080b00000, 0x0000000080c00000, 0x0000000080c00000|100%| O|  |TAMS 0x0000000080c00000, 0x0000000080b00000| Untracked 
|  12|0x0000000080c00000, 0x0000000080d00000, 0x0000000080d00000|100%| O|  |TAMS 0x0000000080d00000, 0x0000000080c00000| Untracked 
|  13|0x0000000080d00000, 0x0000000080e00000, 0x0000000080e00000|100%| O|  |TAMS 0x0000000080e00000, 0x0000000080d00000| Untracked 
|  14|0x0000000080e00000, 0x0000000080f00000, 0x0000000080f00000|100%| O|  |TAMS 0x0000000080f00000, 0x0000000080e00000| Untracked 
|  15|0x0000000080f00000, 0x0000000081000000, 0x0000000081000000|100%| O|  |TAMS 0x0000000081000000, 0x0000000080f00000| Untracked 
|  16|0x0000000081000000, 0x0000000081100000, 0x0000000081100000|100%| O|  |TAMS 0x0000000081100000, 0x0000000081000000| Untracked 
|  17|0x0000000081100000, 0x0000000081200000, 0x0000000081200000|100%|HS|  |TAMS 0x0000000081200000, 0x0000000081100000| Complete 
|  18|0x0000000081200000, 0x0000000081300000, 0x0000000081300000|100%|HC|  |TAMS 0x0000000081300000, 0x0000000081200000| Complete 
|  19|0x0000000081300000, 0x0000000081400000, 0x0000000081400000|100%|HS|  |TAMS 0x0000000081400000, 0x0000000081300000| Complete 
|  20|0x0000000081400000, 0x0000000081500000, 0x0000000081500000|100%|HC|  |TAMS 0x0000000081500000, 0x0000000081400000| Complete 
|  21|0x0000000081500000, 0x0000000081600000, 0x0000000081600000|100%|HC|  |TAMS 0x0000000081600000, 0x0000000081500000| Complete 
|  22|0x0000000081600000, 0x0000000081700000, 0x0000000081700000|100%|HS|  |TAMS 0x0000000081700000, 0x0000000081600000| Complete 
|  23|0x0000000081700000, 0x0000000081800000, 0x0000000081800000|100%|HC|  |TAMS 0x0000000081800000, 0x0000000081700000| Complete 
|  24|0x0000000081800000, 0x0000000081900000, 0x0000000081900000|100%|HC|  |TAMS 0x0000000081900000, 0x0000000081800000| Complete 
|  25|0x0000000081900000, 0x0000000081a00000, 0x0000000081a00000|100%|HS|  |TAMS 0x0000000081a00000, 0x0000000081900000| Complete 
|  26|0x0000000081a00000, 0x0000000081b00000, 0x0000000081b00000|100%|HC|  |TAMS 0x0000000081b00000, 0x0000000081a00000| Complete 
|  27|0x0000000081b00000, 0x0000000081c00000, 0x0000000081c00000|100%| O|  |TAMS 0x0000000081c00000, 0x0000000081b00000| Untracked 
|  28|0x0000000081c00000, 0x0000000081d00000, 0x0000000081d00000|100%|HS|  |TAMS 0x0000000081d00000, 0x0000000081c00000| Complete 
|  29|0x0000000081d00000, 0x0000000081e00000, 0x0000000081e00000|100%|HC|  |TAMS 0x0000000081e00000, 0x0000000081d00000| Complete 
|  30|0x0000000081e00000, 0x0000000081f00000, 0x0000000081f00000|100%|HC|  |TAMS 0x0000000081f00000, 0x0000000081e00000| Complete 
|  31|0x0000000081f00000, 0x0000000082000000, 0x0000000082000000|100%|HC|  |TAMS 0x0000000082000000, 0x0000000081f00000| Complete 
|  32|0x0000000082000000, 0x0000000082100000, 0x0000000082100000|100%|HC|  |TAMS 0x0000000082100000, 0x0000000082000000| Complete 
|  33|0x0000000082100000, 0x0000000082200000, 0x0000000082200000|100%|HC|  |TAMS 0x0000000082200000, 0x0000000082100000| Complete 
|  34|0x0000000082200000, 0x0000000082300000, 0x0000000082300000|100%|HC|  |TAMS 0x0000000082300000, 0x0000000082200000| Complete 
|  35|0x0000000082300000, 0x0000000082400000, 0x0000000082400000|100%|HC|  |TAMS 0x0000000082400000, 0x0000000082300000| Complete 
|  36|0x0000000082400000, 0x0000000082500000, 0x0000000082500000|100%|HC|  |TAMS 0x0000000082500000, 0x0000000082400000| Complete 
|  37|0x0000000082500000, 0x0000000082600000, 0x0000000082600000|100%|HC|  |TAMS 0x0000000082600000, 0x0000000082500000| Complete 
|  38|0x0000000082600000, 0x0000000082700000, 0x0000000082700000|100%|HS|  |TAMS 0x0000000082700000, 0x0000000082600000| Complete 
|  39|0x0000000082700000, 0x0000000082800000, 0x0000000082800000|100%|HC|  |TAMS 0x0000000082800000, 0x0000000082700000| Complete 
|  40|0x0000000082800000, 0x0000000082900000, 0x0000000082900000|100%| O|  |TAMS 0x0000000082900000, 0x0000000082800000| Untracked 
|  41|0x0000000082900000, 0x0000000082a00000, 0x0000000082a00000|100%| O|  |TAMS 0x0000000082a00000, 0x0000000082900000| Untracked 
|  42|0x0000000082a00000, 0x0000000082b00000, 0x0000000082b00000|100%| O|  |TAMS 0x0000000082b00000, 0x0000000082a00000| Untracked 
|  43|0x0000000082b00000, 0x0000000082c00000, 0x0000000082c00000|100%| O|  |TAMS 0x0000000082c00000, 0x0000000082b00000| Untracked 
|  44|0x0000000082c00000, 0x0000000082d00000, 0x0000000082d00000|100%| O|  |TAMS 0x0000000082d00000, 0x0000000082c00000| Untracked 
|  45|0x0000000082d00000, 0x0000000082e00000, 0x0000000082e00000|100%| O|  |TAMS 0x0000000082e00000, 0x0000000082d00000| Untracked 
|  46|0x0000000082e00000, 0x0000000082f00000, 0x0000000082f00000|100%| O|  |TAMS 0x0000000082f00000, 0x0000000082e00000| Untracked 
|  47|0x0000000082f00000, 0x0000000083000000, 0x0000000083000000|100%| O|  |TAMS 0x0000000083000000, 0x0000000082f00000| Untracked 
|  48|0x0000000083000000, 0x0000000083100000, 0x0000000083100000|100%| O|  |TAMS 0x0000000083100000, 0x0000000083000000| Untracked 
|  49|0x0000000083100000, 0x0000000083200000, 0x0000000083200000|100%|HS|  |TAMS 0x0000000083200000, 0x0000000083100000| Complete 
|  50|0x0000000083200000, 0x0000000083300000, 0x0000000083300000|100%|HC|  |TAMS 0x0000000083300000, 0x0000000083200000| Complete 
|  51|0x0000000083300000, 0x0000000083400000, 0x0000000083400000|100%|HC|  |TAMS 0x0000000083400000, 0x0000000083300000| Complete 
|  52|0x0000000083400000, 0x0000000083500000, 0x0000000083500000|100%|HC|  |TAMS 0x0000000083500000, 0x0000000083400000| Complete 
|  53|0x0000000083500000, 0x0000000083600000, 0x0000000083600000|100%|HC|  |TAMS 0x0000000083600000, 0x0000000083500000| Complete 
|  54|0x0000000083600000, 0x0000000083700000, 0x0000000083700000|100%| O|  |TAMS 0x0000000083700000, 0x0000000083600000| Untracked 
|  55|0x0000000083700000, 0x0000000083800000, 0x0000000083800000|100%| O|  |TAMS 0x0000000083800000, 0x0000000083700000| Untracked 
|  56|0x0000000083800000, 0x0000000083900000, 0x0000000083900000|100%| O|  |TAMS 0x0000000083900000, 0x0000000083800000| Untracked 
|  57|0x0000000083900000, 0x0000000083943c00, 0x0000000083a00000| 26%| O|  |TAMS 0x0000000083943c00, 0x0000000083900000| Untracked 
|  58|0x0000000083a00000, 0x0000000083a00000, 0x0000000083b00000|  0%| F|  |TAMS 0x0000000083a00000, 0x0000000083a00000| Untracked 
|  59|0x0000000083b00000, 0x0000000083b00000, 0x0000000083c00000|  0%| F|  |TAMS 0x0000000083b00000, 0x0000000083b00000| Untracked 
|  60|0x0000000083c00000, 0x0000000083c00000, 0x0000000083d00000|  0%| F|  |TAMS 0x0000000083c00000, 0x0000000083c00000| Untracked 
|  61|0x0000000083d00000, 0x0000000083d00000, 0x0000000083e00000|  0%| F|  |TAMS 0x0000000083d00000, 0x0000000083d00000| Untracked 
|  62|0x0000000083e00000, 0x0000000083e00000, 0x0000000083f00000|  0%| F|  |TAMS 0x0000000083e00000, 0x0000000083e00000| Untracked 
|  63|0x0000000083f00000, 0x0000000083f00000, 0x0000000084000000|  0%| F|  |TAMS 0x0000000083f00000, 0x0000000083f00000| Untracked 
|  64|0x0000000084000000, 0x0000000084000000, 0x0000000084100000|  0%| F|  |TAMS 0x0000000084000000, 0x0000000084000000| Untracked 
|  65|0x0000000084100000, 0x0000000084100000, 0x0000000084200000|  0%| F|  |TAMS 0x0000000084100000, 0x0000000084100000| Untracked 
|  66|0x0000000084200000, 0x0000000084200000, 0x0000000084300000|  0%| F|  |TAMS 0x0000000084200000, 0x0000000084200000| Untracked 
|  67|0x0000000084300000, 0x0000000084300000, 0x0000000084400000|  0%| F|  |TAMS 0x0000000084300000, 0x0000000084300000| Untracked 
|  68|0x0000000084400000, 0x0000000084400000, 0x0000000084500000|  0%| F|  |TAMS 0x0000000084400000, 0x0000000084400000| Untracked 
|  69|0x0000000084500000, 0x0000000084500000, 0x0000000084600000|  0%| F|  |TAMS 0x0000000084500000, 0x0000000084500000| Untracked 
|  70|0x0000000084600000, 0x0000000084600000, 0x0000000084700000|  0%| F|  |TAMS 0x0000000084600000, 0x0000000084600000| Untracked 
|  71|0x0000000084700000, 0x0000000084700000, 0x0000000084800000|  0%| F|  |TAMS 0x0000000084700000, 0x0000000084700000| Untracked 
|  72|0x0000000084800000, 0x0000000084800000, 0x0000000084900000|  0%| F|  |TAMS 0x0000000084800000, 0x0000000084800000| Untracked 
|  73|0x0000000084900000, 0x0000000084900000, 0x0000000084a00000|  0%| F|  |TAMS 0x0000000084900000, 0x0000000084900000| Untracked 
|  74|0x0000000084a00000, 0x0000000084a00000, 0x0000000084b00000|  0%| F|  |TAMS 0x0000000084a00000, 0x0000000084a00000| Untracked 
|  75|0x0000000084b00000, 0x0000000084b00000, 0x0000000084c00000|  0%| F|  |TAMS 0x0000000084b00000, 0x0000000084b00000| Untracked 
|  76|0x0000000084c00000, 0x0000000084c00000, 0x0000000084d00000|  0%| F|  |TAMS 0x0000000084c00000, 0x0000000084c00000| Untracked 
|  77|0x0000000084d00000, 0x0000000084d00000, 0x0000000084e00000|  0%| F|  |TAMS 0x0000000084d00000, 0x0000000084d00000| Untracked 
|  78|0x0000000084e00000, 0x0000000084e00000, 0x0000000084f00000|  0%| F|  |TAMS 0x0000000084e00000, 0x0000000084e00000| Untracked 
|  79|0x0000000084f00000, 0x0000000084f00000, 0x0000000085000000|  0%| F|  |TAMS 0x0000000084f00000, 0x0000000084f00000| Untracked 
|  80|0x0000000085000000, 0x0000000085000000, 0x0000000085100000|  0%| F|  |TAMS 0x0000000085000000, 0x0000000085000000| Untracked 
|  81|0x0000000085100000, 0x00000000851b5030, 0x0000000085200000| 70%| S|CS|TAMS 0x0000000085100000, 0x0000000085100000| Complete 
|  82|0x0000000085200000, 0x0000000085300000, 0x0000000085300000|100%| S|CS|TAMS 0x0000000085200000, 0x0000000085200000| Complete 
|  83|0x0000000085300000, 0x0000000085300000, 0x0000000085400000|  0%| F|  |TAMS 0x0000000085300000, 0x0000000085300000| Untracked 
|  84|0x0000000085400000, 0x0000000085400000, 0x0000000085500000|  0%| F|  |TAMS 0x0000000085400000, 0x0000000085400000| Untracked 
|  85|0x0000000085500000, 0x0000000085500000, 0x0000000085600000|  0%| F|  |TAMS 0x0000000085500000, 0x0000000085500000| Untracked 
|  86|0x0000000085600000, 0x0000000085600000, 0x0000000085700000|  0%| F|  |TAMS 0x0000000085600000, 0x0000000085600000| Untracked 
|  87|0x0000000085700000, 0x0000000085700000, 0x0000000085800000|  0%| F|  |TAMS 0x0000000085700000, 0x0000000085700000| Untracked 
|  88|0x0000000085800000, 0x0000000085800000, 0x0000000085900000|  0%| F|  |TAMS 0x0000000085800000, 0x0000000085800000| Untracked 
|  89|0x0000000085900000, 0x0000000085900000, 0x0000000085a00000|  0%| F|  |TAMS 0x0000000085900000, 0x0000000085900000| Untracked 
|  90|0x0000000085a00000, 0x0000000085a00000, 0x0000000085b00000|  0%| F|  |TAMS 0x0000000085a00000, 0x0000000085a00000| Untracked 
|  91|0x0000000085b00000, 0x0000000085b00000, 0x0000000085c00000|  0%| F|  |TAMS 0x0000000085b00000, 0x0000000085b00000| Untracked 
|  92|0x0000000085c00000, 0x0000000085c00000, 0x0000000085d00000|  0%| F|  |TAMS 0x0000000085c00000, 0x0000000085c00000| Untracked 
|  93|0x0000000085d00000, 0x0000000085d00000, 0x0000000085e00000|  0%| F|  |TAMS 0x0000000085d00000, 0x0000000085d00000| Untracked 
|  94|0x0000000085e00000, 0x0000000085e00000, 0x0000000085f00000|  0%| F|  |TAMS 0x0000000085e00000, 0x0000000085e00000| Untracked 
|  95|0x0000000085f00000, 0x0000000085f00000, 0x0000000086000000|  0%| F|  |TAMS 0x0000000085f00000, 0x0000000085f00000| Untracked 
|  96|0x0000000086000000, 0x0000000086000000, 0x0000000086100000|  0%| F|  |TAMS 0x0000000086000000, 0x0000000086000000| Untracked 
|  97|0x0000000086100000, 0x0000000086100000, 0x0000000086200000|  0%| F|  |TAMS 0x0000000086100000, 0x0000000086100000| Untracked 
|  98|0x0000000086200000, 0x0000000086200000, 0x0000000086300000|  0%| F|  |TAMS 0x0000000086200000, 0x0000000086200000| Untracked 
|  99|0x0000000086300000, 0x0000000086300000, 0x0000000086400000|  0%| F|  |TAMS 0x0000000086300000, 0x0000000086300000| Untracked 
| 100|0x0000000086400000, 0x0000000086400000, 0x0000000086500000|  0%| F|  |TAMS 0x0000000086400000, 0x0000000086400000| Untracked 
| 101|0x0000000086500000, 0x0000000086500000, 0x0000000086600000|  0%| F|  |TAMS 0x0000000086500000, 0x0000000086500000| Untracked 
| 102|0x0000000086600000, 0x0000000086600000, 0x0000000086700000|  0%| F|  |TAMS 0x0000000086600000, 0x0000000086600000| Untracked 
| 103|0x0000000086700000, 0x0000000086700000, 0x0000000086800000|  0%| F|  |TAMS 0x0000000086700000, 0x0000000086700000| Untracked 
| 104|0x0000000086800000, 0x0000000086800000, 0x0000000086900000|  0%| F|  |TAMS 0x0000000086800000, 0x0000000086800000| Untracked 
| 105|0x0000000086900000, 0x0000000086900000, 0x0000000086a00000|  0%| F|  |TAMS 0x0000000086900000, 0x0000000086900000| Untracked 
| 106|0x0000000086a00000, 0x0000000086a00000, 0x0000000086b00000|  0%| F|  |TAMS 0x0000000086a00000, 0x0000000086a00000| Untracked 
| 107|0x0000000086b00000, 0x0000000086b00000, 0x0000000086c00000|  0%| F|  |TAMS 0x0000000086b00000, 0x0000000086b00000| Untracked 
| 108|0x0000000086c00000, 0x0000000086c00000, 0x0000000086d00000|  0%| F|  |TAMS 0x0000000086c00000, 0x0000000086c00000| Untracked 
| 109|0x0000000086d00000, 0x0000000086d00000, 0x0000000086e00000|  0%| F|  |TAMS 0x0000000086d00000, 0x0000000086d00000| Untracked 

Card table byte_map: [0x0000019738320000,0x0000019738720000] _byte_map_base: 0x0000019737f20000

Marking Bits (Prev, Next): (CMBitMap*) 0x0000019725433b60, (CMBitMap*) 0x0000019725433b28
 Prev Bits: [0x000001973ab20000, 0x000001973cb20000)
 Next Bits: [0x0000019738b20000, 0x000001973ab20000)

Polling page: 0x0000019723150000

Metaspace:

Usage:
  Non-class:     37.13 MB capacity,    36.46 MB ( 98%) used,   582.52 KB (  2%) free+waste,   104.81 KB ( <1%) overhead. 
      Class:      5.71 MB capacity,     5.30 MB ( 93%) used,   367.26 KB (  6%) free+waste,    50.38 KB ( <1%) overhead. 
       Both:     42.84 MB capacity,    41.76 MB ( 97%) used,   949.77 KB (  2%) free+waste,   155.19 KB ( <1%) overhead. 

Virtual space:
  Non-class space:       38.00 MB reserved,      37.25 MB ( 98%) committed 
      Class space:        1.00 GB reserved,       5.75 MB ( <1%) committed 
             Both:        1.04 GB reserved,      43.00 MB (  4%) committed 

Chunk freelists:
   Non-Class:  55.00 KB
       Class:  13.00 KB
        Both:  68.00 KB

MaxMetaspaceSize: 17179869184.00 GB
CompressedClassSpaceSize: 1.00 GB
Initial GC threshold: 20.80 MB
Current GC threshold: 68.12 MB
CDS: off

CodeHeap 'non-profiled nmethods': size=120064Kb used=1662Kb max_used=1662Kb free=118401Kb
 bounds [0x00000197309e0000, 0x0000019730c50000, 0x0000019737f20000]
CodeHeap 'profiled nmethods': size=120000Kb used=7813Kb max_used=7813Kb free=112186Kb
 bounds [0x00000197294b0000, 0x0000019729c60000, 0x00000197309e0000]
CodeHeap 'non-nmethods': size=5696Kb used=2288Kb max_used=2312Kb free=3407Kb
 bounds [0x0000019728f20000, 0x0000019729190000, 0x00000197294b0000]
 total_blobs=4437 nmethods=3666 adapters=682
 compilation: enabled
              stopped_count=0, restarted_count=0
 full_count=0

Compilation events (20 events):
Event: 14.161 Thread 0x000001973f825800 3685       3       org.gradle.internal.instantiation.generator.AbstractClassGenerator$PropertyTypePropertyHandler::visitProperty (29 bytes)
Event: 14.161 Thread 0x000001973f825800 nmethod 3685 0x0000019729c4a210 code [0x0000019729c4a460, 0x0000019729c4ad38]
Event: 14.161 Thread 0x000001973f825800 3686       3       org.gradle.internal.instantiation.generator.AbstractClassGenerator$NamePropertyHandler::visitProperty (13 bytes)
Event: 14.162 Thread 0x000001973f825800 nmethod 3686 0x0000019729c4b090 code [0x0000019729c4b260, 0x0000019729c4b488]
Event: 14.162 Thread 0x000001973f825800 3689       3       java.lang.invoke.DirectMethodHandle$Holder::invokeStatic (20 bytes)
Event: 14.162 Thread 0x000001973f825800 nmethod 3689 0x0000019729c4b590 code [0x0000019729c4b760, 0x0000019729c4bc98]
Event: 14.180 Thread 0x000001973f825800 3691       3       java.lang.invoke.LambdaForm::fixResult (31 bytes)
Event: 14.180 Thread 0x000001973f825800 nmethod 3691 0x0000019729c4be10 code [0x0000019729c4bfc0, 0x0000019729c4c198]
Event: 14.182 Thread 0x000001973f825800 3693       3       jdk.internal.org.objectweb.asm.MethodWriter::visitFrame (233 bytes)
Event: 14.183 Thread 0x000001973f825800 nmethod 3693 0x0000019729c4c290 code [0x0000019729c4c4c0, 0x0000019729c4cc78]
Event: 14.199 Thread 0x000001973f825800 3696       3       org.objectweb.asm.ClassWriter::visitField (53 bytes)
Event: 14.199 Thread 0x000001973f825800 nmethod 3696 0x0000019729c4d010 code [0x0000019729c4d1e0, 0x0000019729c4d528]
Event: 14.199 Thread 0x000001973f825800 3697       3       org.objectweb.asm.FieldVisitor::<init> (7 bytes)
Event: 14.199 Thread 0x000001973f825800 nmethod 3697 0x0000019729c4d690 code [0x0000019729c4d840, 0x0000019729c4d968]
Event: 14.200 Thread 0x000001973f825800 3698       3       org.objectweb.asm.FieldWriter::computeFieldInfoSize (86 bytes)
Event: 14.201 Thread 0x000001973f825800 nmethod 3698 0x0000019729c4da10 code [0x0000019729c4dc00, 0x0000019729c4df58]
Event: 14.201 Thread 0x000001973f825800 3699       3       org.objectweb.asm.FieldWriter::putFieldInfo (269 bytes)
Event: 14.202 Thread 0x000001973f825800 nmethod 3699 0x0000019729c4e110 code [0x0000019729c4e3c0, 0x0000019729c4edc8]
Event: 14.202 Thread 0x000001973f825800 3700       3       java.lang.Module::canRead (86 bytes)
Event: 14.203 Thread 0x000001973f825800 nmethod 3700 0x0000019729c4f190 code [0x0000019729c4f560, 0x0000019729c51008]

GC Heap History (20 events):
Event: 12.069 GC heap after
{Heap after GC invocations=24 (full 0):
 garbage-first heap   total 61440K, used 52911K [0x0000000080000000, 0x0000000100000000)
  region size 1024K, 1 young (1024K), 1 survivors (1024K)
 Metaspace       used 28768K, capacity 29596K, committed 29696K, reserved 1075200K
  class space    used 3750K, capacity 4030K, committed 4096K, reserved 1048576K
}
Event: 12.091 GC heap before
{Heap before GC invocations=24 (full 0):
 garbage-first heap   total 61440K, used 54959K [0x0000000080000000, 0x0000000100000000)
  region size 1024K, 3 young (3072K), 1 survivors (1024K)
 Metaspace       used 28873K, capacity 29695K, committed 29952K, reserved 1075200K
  class space    used 3768K, capacity 4063K, committed 4096K, reserved 1048576K
}
Event: 12.093 GC heap after
{Heap after GC invocations=25 (full 0):
 garbage-first heap   total 61440K, used 52959K [0x0000000080000000, 0x0000000100000000)
  region size 1024K, 1 young (1024K), 1 survivors (1024K)
 Metaspace       used 28873K, capacity 29695K, committed 29952K, reserved 1075200K
  class space    used 3768K, capacity 4063K, committed 4096K, reserved 1048576K
}
Event: 12.139 GC heap before
{Heap before GC invocations=26 (full 0):
 garbage-first heap   total 61440K, used 55007K [0x0000000080000000, 0x0000000100000000)
  region size 1024K, 3 young (3072K), 1 survivors (1024K)
 Metaspace       used 29056K, capacity 29863K, committed 30080K, reserved 1075200K
  class space    used 3800K, capacity 4098K, committed 4224K, reserved 1048576K
}
Event: 12.142 GC heap after
{Heap after GC invocations=27 (full 0):
 garbage-first heap   total 75776K, used 53027K [0x0000000080000000, 0x0000000100000000)
  region size 1024K, 1 young (1024K), 1 survivors (1024K)
 Metaspace       used 29056K, capacity 29863K, committed 30080K, reserved 1075200K
  class space    used 3800K, capacity 4098K, committed 4224K, reserved 1048576K
}
Event: 12.311 GC heap before
{Heap before GC invocations=27 (full 0):
 garbage-first heap   total 75776K, used 61219K [0x0000000080000000, 0x0000000100000000)
  region size 1024K, 9 young (9216K), 1 survivors (1024K)
 Metaspace       used 29586K, capacity 30385K, committed 30592K, reserved 1075200K
  class space    used 3883K, capacity 4189K, committed 4224K, reserved 1048576K
}
Event: 12.313 GC heap after
{Heap after GC invocations=28 (full 0):
 garbage-first heap   total 75776K, used 53237K [0x0000000080000000, 0x0000000100000000)
  region size 1024K, 1 young (1024K), 1 survivors (1024K)
 Metaspace       used 29586K, capacity 30385K, committed 30592K, reserved 1075200K
  class space    used 3883K, capacity 4189K, committed 4224K, reserved 1048576K
}
Event: 12.514 GC heap before
{Heap before GC invocations=29 (full 0):
 garbage-first heap   total 75776K, used 61429K [0x0000000080000000, 0x0000000100000000)
  region size 1024K, 9 young (9216K), 1 survivors (1024K)
 Metaspace       used 30592K, capacity 31461K, committed 31616K, reserved 1077248K
  class space    used 4028K, capacity 4356K, committed 4480K, reserved 1048576K
}
Event: 12.517 GC heap after
{Heap after GC invocations=30 (full 0):
 garbage-first heap   total 75776K, used 53541K [0x0000000080000000, 0x0000000100000000)
  region size 1024K, 1 young (1024K), 1 survivors (1024K)
 Metaspace       used 30592K, capacity 31461K, committed 31616K, reserved 1077248K
  class space    used 4028K, capacity 4356K, committed 4480K, reserved 1048576K
}
Event: 12.609 GC heap before
{Heap before GC invocations=30 (full 0):
 garbage-first heap   total 75776K, used 61733K [0x0000000080000000, 0x0000000100000000)
  region size 1024K, 9 young (9216K), 1 survivors (1024K)
 Metaspace       used 31212K, capacity 32006K, committed 32128K, reserved 1077248K
  class space    used 4143K, capacity 4430K, committed 4480K, reserved 1048576K
}
Event: 12.612 GC heap after
{Heap after GC invocations=31 (full 0):
 garbage-first heap   total 75776K, used 53773K [0x0000000080000000, 0x0000000100000000)
  region size 1024K, 2 young (2048K), 2 survivors (2048K)
 Metaspace       used 31212K, capacity 32006K, committed 32128K, reserved 1077248K
  class space    used 4143K, capacity 4430K, committed 4480K, reserved 1048576K
}
Event: 12.734 GC heap before
{Heap before GC invocations=32 (full 0):
 garbage-first heap   total 75776K, used 61965K [0x0000000080000000, 0x0000000100000000)
  region size 1024K, 10 young (10240K), 2 survivors (2048K)
 Metaspace       used 32071K, capacity 32909K, committed 33024K, reserved 1077248K
  class space    used 4277K, capacity 4604K, committed 4608K, reserved 1048576K
}
Event: 12.746 GC heap after
{Heap after GC invocations=33 (full 0):
 garbage-first heap   total 112640K, used 53960K [0x0000000080000000, 0x0000000100000000)
  region size 1024K, 2 young (2048K), 2 survivors (2048K)
 Metaspace       used 32071K, capacity 32909K, committed 33024K, reserved 1077248K
  class space    used 4277K, capacity 4604K, committed 4608K, reserved 1048576K
}
Event: 13.406 GC heap before
{Heap before GC invocations=33 (full 0):
 garbage-first heap   total 112640K, used 77512K [0x0000000080000000, 0x0000000100000000)
  region size 1024K, 26 young (26624K), 2 survivors (2048K)
 Metaspace       used 38380K, capacity 39412K, committed 39680K, reserved 1083392K
  class space    used 4955K, capacity 5345K, committed 5376K, reserved 1048576K
}
Event: 13.418 GC heap after
{Heap after GC invocations=34 (full 0):
 garbage-first heap   total 112640K, used 56634K [0x0000000080000000, 0x0000000100000000)
  region size 1024K, 4 young (4096K), 4 survivors (4096K)
 Metaspace       used 38380K, capacity 39412K, committed 39680K, reserved 1083392K
  class space    used 4955K, capacity 5345K, committed 5376K, reserved 1048576K
}
Event: 13.645 GC heap before
{Heap before GC invocations=35 (full 0):
 garbage-first heap   total 112640K, used 82234K [0x0000000080000000, 0x0000000100000000)
  region size 1024K, 29 young (29696K), 4 survivors (4096K)
 Metaspace       used 39313K, capacity 40447K, committed 40576K, reserved 1085440K
  class space    used 5033K, capacity 5430K, committed 5504K, reserved 1048576K
}
Event: 13.653 GC heap after
{Heap after GC invocations=36 (full 0):
 garbage-first heap   total 112640K, used 59031K [0x0000000080000000, 0x0000000100000000)
  region size 1024K, 3 young (3072K), 3 survivors (3072K)
 Metaspace       used 39313K, capacity 40447K, committed 40576K, reserved 1085440K
  class space    used 5033K, capacity 5430K, committed 5504K, reserved 1048576K
}
Event: 13.722 GC heap before
{Heap before GC invocations=36 (full 0):
 garbage-first heap   total 112640K, used 64151K [0x0000000080000000, 0x0000000100000000)
  region size 1024K, 9 young (9216K), 3 survivors (3072K)
 Metaspace       used 39724K, capacity 40814K, committed 41088K, reserved 1085440K
  class space    used 5079K, capacity 5466K, committed 5504K, reserved 1048576K
}
Event: 13.725 GC heap after
{Heap after GC invocations=37 (full 0):
 garbage-first heap   total 112640K, used 59874K [0x0000000080000000, 0x0000000100000000)
  region size 1024K, 2 young (2048K), 2 survivors (2048K)
 Metaspace       used 39724K, capacity 40814K, committed 41088K, reserved 1085440K
  class space    used 5079K, capacity 5466K, committed 5504K, reserved 1048576K
}
Event: 14.281 GC heap before
{Heap before GC invocations=38 (full 0):
 garbage-first heap   total 112640K, used 87522K [0x0000000080000000, 0x0000000100000000)
  region size 1024K, 27 young (27648K), 2 survivors (2048K)
 Metaspace       used 42763K, capacity 43868K, committed 44032K, reserved 1087488K
  class space    used 5425K, capacity 5843K, committed 5888K, reserved 1048576K
}

Deoptimization events (20 events):
Event: 13.865 Thread 0x00000197412dc000 DEOPT PACKING pc=0x0000019730b6380c sp=0x00000025f52fdc20
Event: 13.865 Thread 0x00000197412dc000 DEOPT UNPACKING pc=0x0000019728f285af sp=0x00000025f52fdb88 mode 2
Event: 13.865 Thread 0x00000197412dc000 Uncommon trap: trap_request=0xffffffde fr.pc=0x0000019730b6380c relative=0x000000000000074c
Event: 13.865 Thread 0x00000197412dc000 Uncommon trap: reason=class_check action=maybe_recompile pc=0x0000019730b6380c method=java.util.regex.Matcher.search(I)Z @ 121 c2
Event: 13.865 Thread 0x00000197412dc000 DEOPT PACKING pc=0x0000019730b6380c sp=0x00000025f52fdb90
Event: 13.865 Thread 0x00000197412dc000 DEOPT UNPACKING pc=0x0000019728f285af sp=0x00000025f52fdaf8 mode 2
Event: 13.866 Thread 0x00000197412dc000 Uncommon trap: trap_request=0xffffffde fr.pc=0x0000019730b53208 relative=0x0000000000000488
Event: 13.866 Thread 0x00000197412dc000 Uncommon trap: reason=class_check action=maybe_recompile pc=0x0000019730b53208 method=java.util.regex.Matcher.search(I)Z @ 121 c2
Event: 13.866 Thread 0x00000197412dc000 DEOPT PACKING pc=0x0000019730b53208 sp=0x00000025f52fdc10
Event: 13.866 Thread 0x00000197412dc000 DEOPT UNPACKING pc=0x0000019728f285af sp=0x00000025f52fdbd0 mode 2
Event: 13.873 Thread 0x00000197412dc000 Uncommon trap: trap_request=0xffffff4d fr.pc=0x0000019730b0551c relative=0x000000000000045c
Event: 13.873 Thread 0x00000197412dc000 Uncommon trap: reason=unstable_if action=reinterpret pc=0x0000019730b0551c method=java.lang.StringLatin1.regionMatchesCI([BI[BII)Z @ 66 c2
Event: 13.873 Thread 0x00000197412dc000 DEOPT PACKING pc=0x0000019730b0551c sp=0x00000025f52fde90
Event: 13.873 Thread 0x00000197412dc000 DEOPT UNPACKING pc=0x0000019728f285af sp=0x00000025f52fdd08 mode 2
Event: 13.873 Thread 0x00000197412dc000 Uncommon trap: trap_request=0xffffff4d fr.pc=0x0000019730aa38bc relative=0x00000000000005dc
Event: 13.873 Thread 0x00000197412dc000 Uncommon trap: reason=unstable_if action=reinterpret pc=0x0000019730aa38bc method=java.lang.StringLatin1.regionMatchesCI([BI[BII)Z @ 66 c2
Event: 13.873 Thread 0x00000197412dc000 DEOPT PACKING pc=0x0000019730aa38bc sp=0x00000025f52fde80
Event: 13.873 Thread 0x00000197412dc000 DEOPT UNPACKING pc=0x0000019728f285af sp=0x00000025f52fdd80 mode 2
Event: 14.156 Thread 0x0000019740728000 DEOPT PACKING pc=0x0000019729b9d8af sp=0x00000025f48f6700
Event: 14.156 Thread 0x0000019740728000 DEOPT UNPACKING pc=0x0000019728f69d0e sp=0x00000025f48f5b88 mode 0

Classes redefined (0 events):
No events

Internal exceptions (20 events):
Event: 13.704 Thread 0x0000019740728000 Exception <a 'java/lang/ClassNotFoundException'{0x0000000086ac4238}: org/gradle/invocation/DefaultGradleCustomizer> (0x0000000086ac4238) thrown at [src/hotspot/share/classfile/systemDictionary.cpp, line 230]
Event: 13.707 Thread 0x0000019740728000 Exception <a 'java/lang/ClassNotFoundException'{0x000000008691c220}: org/gradle/invocation/DefaultGradle_DecoratedCustomizer> (0x000000008691c220) thrown at [src/hotspot/share/classfile/systemDictionary.cpp, line 230]
Event: 13.802 Thread 0x0000019740728000 Exception <a 'java/lang/ClassNotFoundException'{0x0000000086cd7be0}: groovy/lang/Closure$1BeanInfo> (0x0000000086cd7be0) thrown at [src/hotspot/share/classfile/systemDictionary.cpp, line 230]
Event: 13.803 Thread 0x0000019740728000 Exception <a 'java/lang/ClassNotFoundException'{0x0000000086b0c3c0}: groovy/lang/ClosureBeanInfo> (0x0000000086b0c3c0) thrown at [src/hotspot/share/classfile/systemDictionary.cpp, line 230]
Event: 13.804 Thread 0x0000019740728000 Exception <a 'java/lang/ClassNotFoundException'{0x0000000086b402a0}: groovy/lang/ClosureCustomizer> (0x0000000086b402a0) thrown at [src/hotspot/share/classfile/systemDictionary.cpp, line 230]
Event: 13.807 Thread 0x0000019740728000 Exception <a 'java/lang/ClassNotFoundException'{0x0000000086b961e0}: groovy/lang/Closure$1Customizer> (0x0000000086b961e0) thrown at [src/hotspot/share/classfile/systemDictionary.cpp, line 230]
Event: 13.843 Thread 0x00000197412dc000 Exception <a 'sun/nio/fs/WindowsException'{0x0000000086a9be80}> (0x0000000086a9be80) thrown at [src/hotspot/share/prims/jni.cpp, line 617]
Event: 13.894 Thread 0x00000197412dc000 Exception <a 'sun/nio/fs/WindowsException'{0x00000000869e8c00}> (0x00000000869e8c00) thrown at [src/hotspot/share/prims/jni.cpp, line 617]
Event: 13.896 Thread 0x00000197412dc000 Exception <a 'sun/nio/fs/WindowsException'{0x00000000869e8e08}> (0x00000000869e8e08) thrown at [src/hotspot/share/prims/jni.cpp, line 617]
Event: 13.908 Thread 0x0000019740728000 Exception <a 'java/lang/ClassNotFoundException'{0x0000000086858618}: sync_studio_tooling1_1yron8an4pgoe5b1azjf6fj30BeanInfo> (0x0000000086858618) thrown at [src/hotspot/share/classfile/systemDictionary.cpp, line 230]
Event: 13.908 Thread 0x0000019740728000 Exception <a 'java/lang/ClassNotFoundException'{0x00000000868655a8}: sync_studio_tooling1_1yron8an4pgoe5b1azjf6fj30Customizer> (0x00000000868655a8) thrown at [src/hotspot/share/classfile/systemDictionary.cpp, line 230]
Event: 13.918 Thread 0x0000019740728000 Exception <a 'java/lang/ClassNotFoundException'{0x00000000868dedf8}: org/gradle/internal/metaobject/ConfigureDelegateBeanInfo> (0x00000000868dedf8) thrown at [src/hotspot/share/classfile/systemDictionary.cpp, line 230]
Event: 13.919 Thread 0x0000019740728000 Exception <a 'java/lang/ClassNotFoundException'{0x00000000865059d8}: org/gradle/internal/metaobject/ConfigureDelegateCustomizer> (0x00000000865059d8) thrown at [src/hotspot/share/classfile/systemDictionary.cpp, line 230]
Event: 13.930 Thread 0x0000019740728000 Exception <a 'java/lang/ClassNotFoundException'{0x0000000086586ba8}: org/gradle/api/internal/initialization/DefaultScriptHandlerBeanInfo> (0x0000000086586ba8) thrown at [src/hotspot/share/classfile/systemDictionary.cpp, line 230]
Event: 13.931 Thread 0x0000019740728000 Exception <a 'java/lang/ClassNotFoundException'{0x00000000865b0b18}: org/gradle/api/internal/initialization/DefaultScriptHandlerCustomizer> (0x00000000865b0b18) thrown at [src/hotspot/share/classfile/systemDictionary.cpp, line 230]
Event: 14.076 Thread 0x0000019740728000 Exception <a 'java/lang/ClassNotFoundException'{0x0000000085c839b8}: org/gradle/api/internal/artifacts/dsl/dependencies/DefaultDependencyHandler_DecoratedBeanInfo> (0x0000000085c839b8) thrown at [src/hotspot/share/classfile/systemDictionary.cpp, line 230]
Event: 14.077 Thread 0x0000019740728000 Exception <a 'java/lang/ClassNotFoundException'{0x0000000085cc20e0}: org/gradle/api/internal/artifacts/dsl/dependencies/DefaultDependencyHandlerBeanInfo> (0x0000000085cc20e0) thrown at [src/hotspot/share/classfile/systemDictionary.cpp, line 230]
Event: 14.078 Thread 0x0000019740728000 Exception <a 'java/lang/ClassNotFoundException'{0x0000000085b011c8}: org/gradle/api/internal/artifacts/dsl/dependencies/DefaultDependencyHandlerCustomizer> (0x0000000085b011c8) thrown at [src/hotspot/share/classfile/systemDictionary.cpp, line 230]
Event: 14.081 Thread 0x0000019740728000 Exception <a 'java/lang/ClassNotFoundException'{0x0000000085b66cf0}: org/gradle/api/internal/artifacts/dsl/dependencies/DefaultDependencyHandler_DecoratedCustomizer> (0x0000000085b66cf0) thrown at [src/hotspot/share/classfile/systemDictionary.cpp, line 230]
Event: 14.182 Thread 0x0000019740728000 Exception <a 'java/lang/NoSuchMethodError'{0x0000000085755530}: 'java.lang.Object java.lang.invoke.DirectMethodHandle$Holder.invokeStatic(java.lang.Object, int, java.lang.Object)'> (0x0000000085755530) thrown at [src/hotspot/share/interpreter/linkResolver.cpp, line 773]

Events (20 events):
Event: 14.265 loading class org/gradle/internal/resolve/result/ResourceAwareResolveResult done
Event: 14.266 loading class org/gradle/internal/component/IncompatibleVariantsSelectionException
Event: 14.266 loading class org/gradle/internal/component/IncompatibleVariantsSelectionException done
Event: 14.266 loading class org/gradle/internal/component/VariantSelectionException
Event: 14.266 loading class org/gradle/internal/component/VariantSelectionException done
Event: 14.267 loading class org/gradle/internal/exceptions/StyledException
Event: 14.267 loading class org/gradle/internal/exceptions/StyledException done
Event: 14.268 loading class org/gradle/api/internal/artifacts/ivyservice/resolveengine/graph/RootGraphNode
Event: 14.268 loading class org/gradle/api/internal/artifacts/ivyservice/resolveengine/graph/RootGraphNode done
Event: 14.269 loading class org/gradle/api/internal/artifacts/ivyservice/resolveengine/graph/builder/NodeState
Event: 14.269 loading class org/gradle/api/internal/artifacts/ivyservice/resolveengine/graph/builder/NodeState done
Event: 14.275 loading class org/gradle/api/internal/artifacts/ivyservice/resolveengine/graph/builder/RootNode
Event: 14.275 loading class org/gradle/api/internal/artifacts/ivyservice/resolveengine/graph/builder/RootNode done
Event: 14.278 loading class org/gradle/api/internal/artifacts/ivyservice/resolveengine/graph/builder/EdgeState
Event: 14.278 loading class org/gradle/api/internal/artifacts/ivyservice/resolveengine/graph/builder/EdgeState done
Event: 14.278 loading class org/gradle/api/internal/artifacts/ivyservice/resolveengine/graph/builder/EdgeState
Event: 14.278 loading class org/gradle/api/internal/artifacts/ivyservice/resolveengine/graph/builder/EdgeState done
Event: 14.280 loading class org/gradle/api/internal/artifacts/ivyservice/resolveengine/graph/DependencyGraphEdge
Event: 14.280 loading class org/gradle/api/internal/artifacts/ivyservice/resolveengine/graph/DependencyGraphEdge done
Event: 14.281 Executing VM operation: G1CollectForAllocation


Dynamic libraries:
0x00007ff665010000 - 0x00007ff66501a000 	C:\Program Files\Android\Android Studio\jbr\bin\java.exe
0x00007ff92cd70000 - 0x00007ff92cf68000 	C:\Windows\SYSTEM32\ntdll.dll
0x00007ff92c550000 - 0x00007ff92c60f000 	C:\Windows\System32\KERNEL32.DLL
0x00007ff92a740000 - 0x00007ff92aa1a000 	C:\Windows\System32\KERNELBASE.dll
0x00007ff92a480000 - 0x00007ff92a580000 	C:\Windows\System32\ucrtbase.dll
0x00007ff9257a0000 - 0x00007ff9257bb000 	C:\Program Files\Android\Android Studio\jbr\bin\VCRUNTIME140.dll
0x00007ff925780000 - 0x00007ff925797000 	C:\Program Files\Android\Android Studio\jbr\bin\jli.dll
0x00007ff92b9a0000 - 0x00007ff92bb3d000 	C:\Windows\System32\USER32.dll
0x00007ff92abf0000 - 0x00007ff92ac12000 	C:\Windows\System32\win32u.dll
0x00007ff92b330000 - 0x00007ff92b35b000 	C:\Windows\System32\GDI32.dll
0x00007ff92a580000 - 0x00007ff92a690000 	C:\Windows\System32\gdi32full.dll
0x00007ff91e950000 - 0x00007ff91ebea000 	C:\Windows\WinSxS\amd64_microsoft.windows.common-controls_6595b64144ccf1df_6.0.19041.1110_none_60b5254171f9507e\COMCTL32.dll
0x00007ff92acb0000 - 0x00007ff92ad4d000 	C:\Windows\System32\msvcp_win.dll
0x00007ff92b4d0000 - 0x00007ff92b56e000 	C:\Windows\System32\msvcrt.dll
0x00007ff92c490000 - 0x00007ff92c4c0000 	C:\Windows\System32\IMM32.DLL
0x00007ff922200000 - 0x00007ff92220c000 	C:\Program Files\Android\Android Studio\jbr\bin\vcruntime140_1.dll
0x00007ff909910000 - 0x00007ff90999d000 	C:\Program Files\Android\Android Studio\jbr\bin\msvcp140.dll
0x00007ff8eb460000 - 0x00007ff8ec01c000 	C:\Program Files\Android\Android Studio\jbr\bin\server\jvm.dll
0x00007ff92b360000 - 0x00007ff92b40e000 	C:\Windows\System32\ADVAPI32.dll
0x00007ff92ca80000 - 0x00007ff92cb1c000 	C:\Windows\System32\sechost.dll
0x00007ff92b640000 - 0x00007ff92b764000 	C:\Windows\System32\RPCRT4.dll
0x00007ff92aee0000 - 0x00007ff92aee8000 	C:\Windows\System32\PSAPI.DLL
0x00007ff91b480000 - 0x00007ff91b489000 	C:\Windows\SYSTEM32\WSOCK32.dll
0x00007ff924f10000 - 0x00007ff924f1a000 	C:\Windows\SYSTEM32\VERSION.dll
0x00007ff92b930000 - 0x00007ff92b99b000 	C:\Windows\System32\WS2_32.dll
0x00007ff91b960000 - 0x00007ff91b987000 	C:\Windows\SYSTEM32\WINMM.dll
0x00007ff928cd0000 - 0x00007ff928ce2000 	C:\Windows\SYSTEM32\kernel.appcore.dll
0x00007ff923fd0000 - 0x00007ff923fe0000 	C:\Program Files\Android\Android Studio\jbr\bin\verify.dll
0x00007ff928230000 - 0x00007ff928414000 	C:\Windows\SYSTEM32\DBGHELP.DLL
0x00007ff923a70000 - 0x00007ff923aa4000 	C:\Windows\SYSTEM32\dbgcore.DLL
0x00007ff92ac20000 - 0x00007ff92aca2000 	C:\Windows\System32\bcryptPrimitives.dll
0x00007ff9059e0000 - 0x00007ff905a08000 	C:\Program Files\Android\Android Studio\jbr\bin\java.dll
0x00007ff922250000 - 0x00007ff92225a000 	C:\Program Files\Android\Android Studio\jbr\bin\jimage.dll
0x00007ff9059c0000 - 0x00007ff9059d8000 	C:\Program Files\Android\Android Studio\jbr\bin\zip.dll
0x00007ff92bb40000 - 0x00007ff92c284000 	C:\Windows\System32\SHELL32.dll
0x00007ff928420000 - 0x00007ff928bb3000 	C:\Windows\SYSTEM32\windows.storage.dll
0x00007ff92aef0000 - 0x00007ff92b244000 	C:\Windows\System32\combase.dll
0x00007ff929e70000 - 0x00007ff929e9e000 	C:\Windows\SYSTEM32\Wldp.dll
0x00007ff92add0000 - 0x00007ff92ae7d000 	C:\Windows\System32\SHCORE.dll
0x00007ff92b410000 - 0x00007ff92b465000 	C:\Windows\System32\shlwapi.dll
0x00007ff92a3c0000 - 0x00007ff92a3df000 	C:\Windows\SYSTEM32\profapi.dll
0x00007ff9059a0000 - 0x00007ff9059b9000 	C:\Program Files\Android\Android Studio\jbr\bin\net.dll
0x00007ff9217b0000 - 0x00007ff9218ba000 	C:\Windows\SYSTEM32\WINHTTP.dll
0x00007ff929b60000 - 0x00007ff929bca000 	C:\Windows\system32\mswsock.dll
0x00007ff9036c0000 - 0x00007ff9036d3000 	C:\Program Files\Android\Android Studio\jbr\bin\nio.dll
0x00007ff922260000 - 0x00007ff922287000 	C:\Users\Asus\.gradle\native\e1d6ef7f7dcc3fd88c89a11ec53ec762bb8ba0a96d01ffa2cd45eb1d1d8dd5c5\windows-amd64\native-platform.dll
0x00007ff8f5ff0000 - 0x00007ff8f6134000 	C:\Users\Asus\.gradle\native\5664cfc778a61ccfe75a443a1ab52a65af34e5dc3c78e0209fed803814484fcb\windows-amd64\native-platform-file-events.dll
0x00007ff920590000 - 0x00007ff92059a000 	C:\Program Files\Android\Android Studio\jbr\bin\management.dll
0x00007ff9200f0000 - 0x00007ff9200fb000 	C:\Program Files\Android\Android Studio\jbr\bin\management_ext.dll
0x00007ff929dc0000 - 0x00007ff929dd8000 	C:\Windows\SYSTEM32\CRYPTSP.dll
0x00007ff929480000 - 0x00007ff9294b4000 	C:\Windows\system32\rsaenh.dll
0x00007ff92ad50000 - 0x00007ff92ad77000 	C:\Windows\System32\bcrypt.dll
0x00007ff92a380000 - 0x00007ff92a3ae000 	C:\Windows\SYSTEM32\USERENV.dll
0x00007ff929de0000 - 0x00007ff929dec000 	C:\Windows\SYSTEM32\CRYPTBASE.dll
0x00007ff929850000 - 0x00007ff92988c000 	C:\Windows\SYSTEM32\IPHLPAPI.DLL
0x00007ff92c2b0000 - 0x00007ff92c2b8000 	C:\Windows\System32\NSI.dll
0x00007ff921c20000 - 0x00007ff921c37000 	C:\Windows\SYSTEM32\dhcpcsvc6.DLL
0x00007ff923240000 - 0x00007ff92325d000 	C:\Windows\SYSTEM32\dhcpcsvc.DLL
0x00007ff929890000 - 0x00007ff92995b000 	C:\Windows\SYSTEM32\DNSAPI.dll

dbghelp: loaded successfully - version: 4.0.5 - missing functions: none
symbol engine: initialized successfully - sym options: 0x614 - pdb path: .;C:\Program Files\Android\Android Studio\jbr\bin;C:\Windows\SYSTEM32;C:\Windows\WinSxS\amd64_microsoft.windows.common-controls_6595b64144ccf1df_6.0.19041.1110_none_60b5254171f9507e;C:\Program Files\Android\Android Studio\jbr\bin\server;C:\Users\Asus\.gradle\native\e1d6ef7f7dcc3fd88c89a11ec53ec762bb8ba0a96d01ffa2cd45eb1d1d8dd5c5\windows-amd64;C:\Users\Asus\.gradle\native\5664cfc778a61ccfe75a443a1ab52a65af34e5dc3c78e0209fed803814484fcb\windows-amd64

VM Arguments:
jvm_args: --add-opens=java.base/java.util=ALL-UNNAMED --add-opens=java.base/java.lang=ALL-UNNAMED --add-opens=java.base/java.lang.invoke=ALL-UNNAMED --add-opens=java.base/java.util=ALL-UNNAMED --add-opens=java.prefs/java.util.prefs=ALL-UNNAMED --add-opens=java.prefs/java.util.prefs=ALL-UNNAMED --add-opens=java.base/java.nio.charset=ALL-UNNAMED --add-opens=java.base/java.net=ALL-UNNAMED --add-opens=java.base/java.util.concurrent.atomic=ALL-UNNAMED -Xmx2048m -Dfile.encoding=UTF-8 -Duser.country=US -Duser.language=en -Duser.variant 
java_command: org.gradle.launcher.daemon.bootstrap.GradleDaemon 7.3.3
java_class_path (initial): C:\Users\Asus\.gradle\wrapper\dists\gradle-7.3.3-bin\6a41zxkdtcxs8rphpq6y0069z\gradle-7.3.3\lib\gradle-launcher-7.3.3.jar
Launcher Type: SUN_STANDARD

[Global flags]
     intx CICompilerCount                          = 3                                         {product} {ergonomic}
     uint ConcGCThreads                            = 1                                         {product} {ergonomic}
     uint G1ConcRefinementThreads                  = 4                                         {product} {ergonomic}
   size_t G1HeapRegionSize                         = 1048576                                   {product} {ergonomic}
    uintx GCDrainStackTargetSize                   = 64                                        {product} {ergonomic}
   size_t InitialHeapSize                          = 62914560                                  {product} {ergonomic}
   size_t MarkStackSize                            = 4194304                                   {product} {ergonomic}
   size_t MaxHeapSize                              = 2147483648                                {product} {command line}
   size_t MaxNewSize                               = 1287651328                                {product} {ergonomic}
   size_t MinHeapDeltaBytes                        = 1048576                                   {product} {ergonomic}
    uintx NonNMethodCodeHeapSize                   = 5830732                                {pd product} {ergonomic}
    uintx NonProfiledCodeHeapSize                  = 122913754                              {pd product} {ergonomic}
    uintx ProfiledCodeHeapSize                     = 122913754                              {pd product} {ergonomic}
    uintx ReservedCodeCacheSize                    = 251658240                              {pd product} {ergonomic}
     bool SegmentedCodeCache                       = true                                      {product} {ergonomic}
     bool UseCompressedClassPointers               = true                                 {lp64_product} {ergonomic}
     bool UseCompressedOops                        = true                                 {lp64_product} {ergonomic}
     bool UseG1GC                                  = true                                      {product} {ergonomic}
     bool UseLargePagesIndividualAllocation        = false                                  {pd product} {ergonomic}

Logging:
Log output configuration:
 #0: stdout all=warning uptime,level,tags
 #1: stderr all=off uptime,level,tags

Environment Variables:
PATH=C:\Users\Asus\AppData\Local\Programs\Python\Python310\Scripts\;C:\Users\Asus\AppData\Local\Programs\Python\Python310\;C:\oraclexe\app\oracle\product\11.2.0\server\bin;C:\Program Files\Common Files\Oracle\Java\javapath;C:\Windows\system32;C:\Windows;C:\Windows\System32\Wbem;C:\Windows\System32\WindowsPowerShell\v1.0\;C:\Windows\System32\OpenSSH\;C:\Program Files\nodejs\;C:\ProgramData\chocolatey\bin;C:\ProgramData\ComposerSetup\bin;C:\Program Files\php-7.4.33;C:\Program Files\Git\cmd;C:\Users\Asus\AppData\Local\Microsoft\WindowsApps;C:\Users\Asus\AppData\Roaming\Python\Python310\Scripts;C:\Users\Asus\AppData\Local\Programs\Microsoft VS Code\bin;C:\src\flutter\bin;C:\Users\Asus\AppData\Roaming\npm;C:\Program Files\JetBrains\WebStorm 2021.3.2\bin;;C:\Program Files\JetBrains\PhpStorm 2021.3.2\bin;;C:\Users\Asus\AppData\Local\GitHubDesktop\bin;C:\Users\Asus\AppData\Roaming\Composer\vendor\bin
USERNAME=Asus
OS=Windows_NT
PROCESSOR_IDENTIFIER=Intel64 Family 6 Model 126 Stepping 5, GenuineIntel



---------------  S Y S T E M  ---------------

OS: Windows 10 , 64 bit Build 19041 (10.0.19041.2788)
OS uptime: 1 days 1:09 hours

CPU:total 4 (initial active 4) (2 cores per cpu, 2 threads per core) family 6 model 126 stepping 5 microcode 0xa6, cmov, cx8, fxsr, mmx, sse, sse2, sse3, ssse3, sse4.1, sse4.2, popcnt, avx, avx2, aes, clmul, erms, 3dnowpref, lzcnt, ht, tsc, tscinvbit, bmi1, bmi2, adx, evex, sha, fma

Memory: 4k page, system-wide physical 3836M (257M free)
TotalPageFile size 7932M (AvailPageFile size 94M)
current process WorkingSet (physical memory assigned to process): 227M, peak: 229M
current process commit charge ("private bytes"): 278M, peak: 367M

vm_info: OpenJDK 64-Bit Server VM (11.0.15+0-b2043.56-9505619) for windows-amd64 JRE (11.0.15+0-b2043.56-9505619), built on Jan 19 2023 02:48:00 by "builduser" with unknown MS VC++:1929

END.
