#
# There is insufficient memory for the Java Runtime Environment to continue.
# Native memory allocation (malloc) failed to allocate 1378896 bytes for Chunk::new
# Possible reasons:
#   The system is out of physical RAM or swap space
#   The process is running with CompressedOops enabled, and the Java Heap may be blocking the growth of the native heap
# Possible solutions:
#   Reduce memory load on the system
#   Increase physical memory or swap space
#   Check if swap backing store is full
#   Decrease Java heap size (-Xmx/-Xms)
#   Decrease number of Java threads
#   Decrease Java thread stack sizes (-Xss)
#   Set larger code cache with -XX:ReservedCodeCacheSize=
#   JVM is running with Unscaled Compressed Oops mode in which the Java heap is
#     placed in the first 4GB address space. The Java Heap base address is the
#     maximum limit for the native heap growth. Please use -XX:HeapBaseMinAddress
#     to set the Java Heap base and to place the Java Heap above 4GB virtual address.
# This output file may be truncated or incomplete.
#
#  Out of Memory Error (src/hotspot/share/memory/arena.cpp:197), pid=2936, tid=5936
#
# JRE version: OpenJDK Runtime Environment (11.0.15) (build 11.0.15+0-b2043.56-9505619)
# Java VM: OpenJDK 64-Bit Server VM (11.0.15+0-b2043.56-9505619, mixed mode, tiered, compressed oops, g1 gc, windows-amd64)
# No core dump will be written. Minidumps are not enabled by default on client versions of Windows
#

---------------  S U M M A R Y ------------

Command Line: --add-opens=java.base/java.util=ALL-UNNAMED --add-opens=java.base/java.lang=ALL-UNNAMED --add-opens=java.base/java.lang.invoke=ALL-UNNAMED --add-opens=java.base/java.util=ALL-UNNAMED --add-opens=java.prefs/java.util.prefs=ALL-UNNAMED --add-opens=java.prefs/java.util.prefs=ALL-UNNAMED --add-opens=java.base/java.nio.charset=ALL-UNNAMED --add-opens=java.base/java.net=ALL-UNNAMED --add-opens=java.base/java.util.concurrent.atomic=ALL-UNNAMED -Xmx2048m -Dfile.encoding=UTF-8 -Duser.country=US -Duser.language=en -Duser.variant org.gradle.launcher.daemon.bootstrap.GradleDaemon 7.3.3

Host: Intel(R) Core(TM) i3-1005G1 CPU @ 1.20GHz, 4 cores, 3G,  Windows 10 , 64 bit Build 19041 (10.0.19041.2788)
Time: Mon Mar 27 19:28:16 2023 SE Asia Standard Time elapsed time: 8.149000 seconds (0d 0h 0m 8s)

---------------  T H R E A D  ---------------

Current thread (0x0000016142aa3000):  JavaThread "C2 CompilerThread0" daemon [_thread_in_native, id=5936, stack(0x00000014c4f00000,0x00000014c5000000)]


Current CompileTask:
C2:   8151 3947       4       groovy.lang.MetaClassImpl$1MOPIter::methodNameAction (325 bytes)

Stack: [0x00000014c4f00000,0x00000014c5000000]
Native frames: (J=compiled Java code, j=interpreted, Vv=VM code, C=native code)
V  [jvm.dll+0x64135a]
V  [jvm.dll+0x7d39f9]
V  [jvm.dll+0x7d51b9]
V  [jvm.dll+0x7d58a3]
V  [jvm.dll+0x2691c5]
V  [jvm.dll+0xc1a5c]
V  [jvm.dll+0xc200c]
V  [jvm.dll+0x377462]
V  [jvm.dll+0x342495]
V  [jvm.dll+0x34186a]
V  [jvm.dll+0x2214bd]
V  [jvm.dll+0x220498]
V  [jvm.dll+0x19e851]
V  [jvm.dll+0x230479]
V  [jvm.dll+0x22e5ef]
V  [jvm.dll+0x794de1]
V  [jvm.dll+0x78dc24]
V  [jvm.dll+0x6400f6]
C  [ucrtbase.dll+0x21bb2]
C  [KERNEL32.DLL+0x17604]
C  [ntdll.dll+0x526a1]


---------------  P R O C E S S  ---------------

Threads class SMR info:
_java_thread_list=0x0000016143d4e360, length=35, elements={
0x0000016126f22800, 0x0000016142a3b000, 0x0000016142a45000, 0x0000016142a9c000,
0x0000016142a9f000, 0x0000016142aa1800, 0x0000016142aa3000, 0x0000016142aa8800,
0x0000016142aae800, 0x0000016143535800, 0x0000016144a9c000, 0x0000016145528800,
0x0000016144d62800, 0x0000016144f40000, 0x000001614525c800, 0x000001614525d000,
0x00000161452b8800, 0x0000016144dc7800, 0x000001614529b800, 0x0000016144cdf800,
0x0000016145544000, 0x0000016145545800, 0x0000016145543800, 0x0000016145545000,
0x000001614554a000, 0x0000016145546800, 0x0000016145547800, 0x0000016145548000,
0x0000016145549000, 0x00000161459e0800, 0x00000161459e1800, 0x00000161459de800,
0x00000161459e2800, 0x00000161459e4000, 0x00000161459df000
}

Java Threads: ( => current thread )
  0x0000016126f22800 JavaThread "main" [_thread_blocked, id=5764, stack(0x00000014c4300000,0x00000014c4400000)]
  0x0000016142a3b000 JavaThread "Reference Handler" daemon [_thread_blocked, id=1420, stack(0x00000014c4a00000,0x00000014c4b00000)]
  0x0000016142a45000 JavaThread "Finalizer" daemon [_thread_blocked, id=1108, stack(0x00000014c4b00000,0x00000014c4c00000)]
  0x0000016142a9c000 JavaThread "Signal Dispatcher" daemon [_thread_blocked, id=9760, stack(0x00000014c4c00000,0x00000014c4d00000)]
  0x0000016142a9f000 JavaThread "Attach Listener" daemon [_thread_blocked, id=1504, stack(0x00000014c4d00000,0x00000014c4e00000)]
  0x0000016142aa1800 JavaThread "Service Thread" daemon [_thread_blocked, id=9380, stack(0x00000014c4e00000,0x00000014c4f00000)]
=>0x0000016142aa3000 JavaThread "C2 CompilerThread0" daemon [_thread_in_native, id=5936, stack(0x00000014c4f00000,0x00000014c5000000)]
  0x0000016142aa8800 JavaThread "C1 CompilerThread0" daemon [_thread_blocked, id=3320, stack(0x00000014c5000000,0x00000014c5100000)]
  0x0000016142aae800 JavaThread "Sweeper thread" daemon [_thread_blocked, id=6484, stack(0x00000014c5100000,0x00000014c5200000)]
  0x0000016143535800 JavaThread "Common-Cleaner" daemon [_thread_blocked, id=6464, stack(0x00000014c5200000,0x00000014c5300000)]
  0x0000016144a9c000 JavaThread "Daemon health stats" [_thread_blocked, id=6052, stack(0x00000014c5500000,0x00000014c5600000)]
  0x0000016145528800 JavaThread "Incoming local TCP Connector on port 10647" [_thread_in_native, id=4320, stack(0x00000014c5800000,0x00000014c5900000)]
  0x0000016144d62800 JavaThread "Daemon periodic checks" [_thread_blocked, id=10476, stack(0x00000014c5900000,0x00000014c5a00000)]
  0x0000016144f40000 JavaThread "Daemon" [_thread_blocked, id=2120, stack(0x00000014c5a00000,0x00000014c5b00000)]
  0x000001614525c800 JavaThread "Handler for socket connection from /127.0.0.1:10647 to /127.0.0.1:10648" [_thread_in_native, id=7300, stack(0x00000014c5b00000,0x00000014c5c00000)]
  0x000001614525d000 JavaThread "Cancel handler" [_thread_blocked, id=108, stack(0x00000014c5c00000,0x00000014c5d00000)]
  0x00000161452b8800 JavaThread "Daemon worker" [_thread_in_vm, id=7432, stack(0x00000014c5d00000,0x00000014c5e00000)]
  0x0000016144dc7800 JavaThread "Asynchronous log dispatcher for DefaultDaemonConnection: socket connection from /127.0.0.1:10647 to /127.0.0.1:10648" [_thread_blocked, id=9032, stack(0x00000014c5e00000,0x00000014c5f00000)]
  0x000001614529b800 JavaThread "Stdin handler" [_thread_blocked, id=8200, stack(0x00000014c5f00000,0x00000014c6000000)]
  0x0000016144cdf800 JavaThread "Daemon client event forwarder" [_thread_blocked, id=9708, stack(0x00000014c6000000,0x00000014c6100000)]
  0x0000016145544000 JavaThread "Cache worker for journal cache (C:\Users\Asus\.gradle\caches\journal-1)" [_thread_blocked, id=896, stack(0x00000014c6100000,0x00000014c6200000)]
  0x0000016145545800 JavaThread "File lock request listener" [_thread_in_native, id=3364, stack(0x00000014c6200000,0x00000014c6300000)]
  0x0000016145543800 JavaThread "Cache worker for file hash cache (C:\Users\Asus\.gradle\caches\7.3.3\fileHashes)" [_thread_blocked, id=8392, stack(0x00000014c6300000,0x00000014c6400000)]
  0x0000016145545000 JavaThread "Cache worker for file hash cache (C:\Users\Asus\AndroidStudioProjects\RestoKita\.gradle\7.3.3\fileHashes)" [_thread_blocked, id=6004, stack(0x00000014c6400000,0x00000014c6500000)]
  0x000001614554a000 JavaThread "File watcher server" daemon [_thread_in_native, id=8928, stack(0x00000014c6500000,0x00000014c6600000)]
  0x0000016145546800 JavaThread "File watcher consumer" daemon [_thread_blocked, id=4488, stack(0x00000014c6600000,0x00000014c6700000)]
  0x0000016145547800 JavaThread "jar transforms" [_thread_blocked, id=8296, stack(0x00000014c6700000,0x00000014c6800000)]
  0x0000016145548000 JavaThread "jar transforms Thread 2" [_thread_blocked, id=8856, stack(0x00000014c6800000,0x00000014c6900000)]
  0x0000016145549000 JavaThread "jar transforms Thread 3" [_thread_blocked, id=5616, stack(0x00000014c6900000,0x00000014c6a00000)]
  0x00000161459e0800 JavaThread "jar transforms Thread 4" [_thread_blocked, id=9440, stack(0x00000014c6a00000,0x00000014c6b00000)]
  0x00000161459e1800 JavaThread "Cache worker for checksums cache (C:\Users\Asus\AndroidStudioProjects\RestoKita\.gradle\7.3.3\checksums)" [_thread_blocked, id=7984, stack(0x00000014c6b00000,0x00000014c6c00000)]
  0x00000161459de800 JavaThread "Cache worker for cache directory md-supplier (C:\Users\Asus\.gradle\caches\7.3.3\md-supplier)" [_thread_blocked, id=3684, stack(0x00000014c6c00000,0x00000014c6d00000)]
  0x00000161459e2800 JavaThread "Cache worker for cache directory md-rule (C:\Users\Asus\.gradle\caches\7.3.3\md-rule)" [_thread_blocked, id=7384, stack(0x00000014c6d00000,0x00000014c6e00000)]
  0x00000161459e4000 JavaThread "Cache worker for execution history cache (C:\Users\Asus\.gradle\caches\7.3.3\executionHistory)" [_thread_blocked, id=8728, stack(0x00000014c6e00000,0x00000014c6f00000)]
  0x00000161459df000 JavaThread "Cache worker for file content cache (C:\Users\Asus\.gradle\caches\7.3.3\fileContent)" [_thread_blocked, id=6288, stack(0x00000014c6f00000,0x00000014c7000000)]

Other Threads:
  0x0000016142a39000 VMThread "VM Thread" [stack: 0x00000014c4900000,0x00000014c4a00000] [id=9636]
  0x0000016143557000 WatcherThread [stack: 0x00000014c5300000,0x00000014c5400000] [id=6224]
  0x0000016126f3c800 GCTaskThread "GC Thread#0" [stack: 0x00000014c4400000,0x00000014c4500000] [id=4660]
  0x000001614383a800 GCTaskThread "GC Thread#1" [stack: 0x00000014c5400000,0x00000014c5500000] [id=1224]
  0x0000016144b38000 GCTaskThread "GC Thread#2" [stack: 0x00000014c5600000,0x00000014c5700000] [id=7312]
  0x0000016144a91000 GCTaskThread "GC Thread#3" [stack: 0x00000014c5700000,0x00000014c5800000] [id=10516]
  0x0000016126f6c800 ConcurrentGCThread "G1 Main Marker" [stack: 0x00000014c4500000,0x00000014c4600000] [id=10816]
  0x0000016126f6d800 ConcurrentGCThread "G1 Conc#0" [stack: 0x00000014c4600000,0x00000014c4700000] [id=11228]
  0x0000016126fb6000 ConcurrentGCThread "G1 Refine#0" [stack: 0x00000014c4700000,0x00000014c4800000] [id=9916]
  0x0000016126fb7000 ConcurrentGCThread "G1 Young RemSet Sampling" [stack: 0x00000014c4800000,0x00000014c4900000] [id=2640]

Threads with active compile tasks:
C2 CompilerThread0     8177 3947       4       groovy.lang.MetaClassImpl$1MOPIter::methodNameAction (325 bytes)

VM state:not at safepoint (normal execution)

VM Mutex/Monitor currently owned by a thread: None

Heap address: 0x0000000080000000, size: 2048 MB, Compressed Oops mode: 32-bit
Narrow klass base: 0x0000000000000000, Narrow klass shift: 3
Compressed class space size: 1073741824 Address: 0x0000000100000000

Heap:
 garbage-first heap   total 169984K, used 96023K [0x0000000080000000, 0x0000000100000000)
  region size 1024K, 14 young (14336K), 5 survivors (5120K)
 Metaspace       used 45887K, capacity 47233K, committed 47408K, reserved 1091584K
  class space    used 5752K, capacity 6192K, committed 6272K, reserved 1048576K
Heap Regions: E=young(eden), S=young(survivor), O=old, HS=humongous(starts), HC=humongous(continues), CS=collection set, F=free, A=archive, TAMS=top-at-mark-start (previous, next)
|   0|0x0000000080000000, 0x0000000080100000, 0x0000000080100000|100%| O|  |TAMS 0x0000000080100000, 0x0000000080000000| Untracked 
|   1|0x0000000080100000, 0x0000000080200000, 0x0000000080200000|100%| O|  |TAMS 0x0000000080200000, 0x0000000080100000| Untracked 
|   2|0x0000000080200000, 0x0000000080300000, 0x0000000080300000|100%| O|  |TAMS 0x0000000080300000, 0x0000000080200000| Untracked 
|   3|0x0000000080300000, 0x0000000080400000, 0x0000000080400000|100%|HS|  |TAMS 0x0000000080400000, 0x0000000080300000| Complete 
|   4|0x0000000080400000, 0x0000000080500000, 0x0000000080500000|100%|HC|  |TAMS 0x0000000080500000, 0x0000000080400000| Complete 
|   5|0x0000000080500000, 0x0000000080600000, 0x0000000080600000|100%|HC|  |TAMS 0x0000000080600000, 0x0000000080500000| Complete 
|   6|0x0000000080600000, 0x0000000080700000, 0x0000000080700000|100%| O|  |TAMS 0x0000000080700000, 0x0000000080600000| Untracked 
|   7|0x0000000080700000, 0x0000000080800000, 0x0000000080800000|100%| O|  |TAMS 0x0000000080800000, 0x0000000080700000| Untracked 
|   8|0x0000000080800000, 0x0000000080900000, 0x0000000080900000|100%| O|  |TAMS 0x0000000080900000, 0x0000000080800000| Untracked 
|   9|0x0000000080900000, 0x0000000080a00000, 0x0000000080a00000|100%| O|  |TAMS 0x0000000080a00000, 0x0000000080900000| Untracked 
|  10|0x0000000080a00000, 0x0000000080b00000, 0x0000000080b00000|100%| O|  |TAMS 0x0000000080b00000, 0x0000000080a00000| Untracked 
|  11|0x0000000080b00000, 0x0000000080c00000, 0x0000000080c00000|100%| O|  |TAMS 0x0000000080c00000, 0x0000000080b00000| Untracked 
|  12|0x0000000080c00000, 0x0000000080d00000, 0x0000000080d00000|100%| O|  |TAMS 0x0000000080d00000, 0x0000000080c00000| Untracked 
|  13|0x0000000080d00000, 0x0000000080e00000, 0x0000000080e00000|100%| O|  |TAMS 0x0000000080e00000, 0x0000000080d00000| Untracked 
|  14|0x0000000080e00000, 0x0000000080f00000, 0x0000000080f00000|100%| O|  |TAMS 0x0000000080f00000, 0x0000000080e00000| Untracked 
|  15|0x0000000080f00000, 0x0000000081000000, 0x0000000081000000|100%| O|  |TAMS 0x0000000081000000, 0x0000000080f00000| Untracked 
|  16|0x0000000081000000, 0x0000000081100000, 0x0000000081100000|100%|HS|  |TAMS 0x0000000081100000, 0x0000000081000000| Complete 
|  17|0x0000000081100000, 0x0000000081200000, 0x0000000081200000|100%|HC|  |TAMS 0x0000000081200000, 0x0000000081100000| Complete 
|  18|0x0000000081200000, 0x0000000081300000, 0x0000000081300000|100%|HS|  |TAMS 0x0000000081300000, 0x0000000081200000| Complete 
|  19|0x0000000081300000, 0x0000000081400000, 0x0000000081400000|100%|HC|  |TAMS 0x0000000081400000, 0x0000000081300000| Complete 
|  20|0x0000000081400000, 0x0000000081500000, 0x0000000081500000|100%|HC|  |TAMS 0x0000000081500000, 0x0000000081400000| Complete 
|  21|0x0000000081500000, 0x0000000081600000, 0x0000000081600000|100%| O|  |TAMS 0x0000000081600000, 0x0000000081500000| Untracked 
|  22|0x0000000081600000, 0x0000000081700000, 0x0000000081700000|100%|HS|  |TAMS 0x0000000081700000, 0x0000000081600000| Complete 
|  23|0x0000000081700000, 0x0000000081800000, 0x0000000081800000|100%|HC|  |TAMS 0x0000000081800000, 0x0000000081700000| Complete 
|  24|0x0000000081800000, 0x0000000081900000, 0x0000000081900000|100%|HC|  |TAMS 0x0000000081900000, 0x0000000081800000| Complete 
|  25|0x0000000081900000, 0x0000000081a00000, 0x0000000081a00000|100%|HS|  |TAMS 0x0000000081a00000, 0x0000000081900000| Complete 
|  26|0x0000000081a00000, 0x0000000081b00000, 0x0000000081b00000|100%|HC|  |TAMS 0x0000000081b00000, 0x0000000081a00000| Complete 
|  27|0x0000000081b00000, 0x0000000081c00000, 0x0000000081c00000|100%|HS|  |TAMS 0x0000000081c00000, 0x0000000081b00000| Complete 
|  28|0x0000000081c00000, 0x0000000081d00000, 0x0000000081d00000|100%|HC|  |TAMS 0x0000000081d00000, 0x0000000081c00000| Complete 
|  29|0x0000000081d00000, 0x0000000081e00000, 0x0000000081e00000|100%|HC|  |TAMS 0x0000000081e00000, 0x0000000081d00000| Complete 
|  30|0x0000000081e00000, 0x0000000081f00000, 0x0000000081f00000|100%|HC|  |TAMS 0x0000000081f00000, 0x0000000081e00000| Complete 
|  31|0x0000000081f00000, 0x0000000082000000, 0x0000000082000000|100%|HC|  |TAMS 0x0000000082000000, 0x0000000081f00000| Complete 
|  32|0x0000000082000000, 0x0000000082100000, 0x0000000082100000|100%| O|  |TAMS 0x0000000082100000, 0x0000000082000000| Untracked 
|  33|0x0000000082100000, 0x0000000082200000, 0x0000000082200000|100%|HS|  |TAMS 0x0000000082200000, 0x0000000082100000| Complete 
|  34|0x0000000082200000, 0x0000000082300000, 0x0000000082300000|100%|HC|  |TAMS 0x0000000082300000, 0x0000000082200000| Complete 
|  35|0x0000000082300000, 0x0000000082400000, 0x0000000082400000|100%| O|  |TAMS 0x0000000082400000, 0x0000000082300000| Untracked 
|  36|0x0000000082400000, 0x0000000082500000, 0x0000000082500000|100%| O|  |TAMS 0x0000000082500000, 0x0000000082400000| Untracked 
|  37|0x0000000082500000, 0x0000000082600000, 0x0000000082600000|100%| O|  |TAMS 0x0000000082600000, 0x0000000082500000| Untracked 
|  38|0x0000000082600000, 0x0000000082700000, 0x0000000082700000|100%| O|  |TAMS 0x0000000082700000, 0x0000000082600000| Untracked 
|  39|0x0000000082700000, 0x0000000082800000, 0x0000000082800000|100%| O|  |TAMS 0x0000000082800000, 0x0000000082700000| Untracked 
|  40|0x0000000082800000, 0x0000000082900000, 0x0000000082900000|100%| O|  |TAMS 0x0000000082900000, 0x0000000082800000| Untracked 
|  41|0x0000000082900000, 0x0000000082a00000, 0x0000000082a00000|100%|HS|  |TAMS 0x0000000082a00000, 0x0000000082900000| Complete 
|  42|0x0000000082a00000, 0x0000000082b00000, 0x0000000082b00000|100%|HC|  |TAMS 0x0000000082b00000, 0x0000000082a00000| Complete 
|  43|0x0000000082b00000, 0x0000000082c00000, 0x0000000082c00000|100%|HC|  |TAMS 0x0000000082c00000, 0x0000000082b00000| Complete 
|  44|0x0000000082c00000, 0x0000000082d00000, 0x0000000082d00000|100%|HC|  |TAMS 0x0000000082d00000, 0x0000000082c00000| Complete 
|  45|0x0000000082d00000, 0x0000000082e00000, 0x0000000082e00000|100%|HC|  |TAMS 0x0000000082e00000, 0x0000000082d00000| Complete 
|  46|0x0000000082e00000, 0x0000000082f00000, 0x0000000082f00000|100%|HC|  |TAMS 0x0000000082f00000, 0x0000000082e00000| Complete 
|  47|0x0000000082f00000, 0x0000000083000000, 0x0000000083000000|100%|HC|  |TAMS 0x0000000083000000, 0x0000000082f00000| Complete 
|  48|0x0000000083000000, 0x0000000083100000, 0x0000000083100000|100%|HC|  |TAMS 0x0000000083100000, 0x0000000083000000| Complete 
|  49|0x0000000083100000, 0x0000000083200000, 0x0000000083200000|100%|HC|  |TAMS 0x0000000083200000, 0x0000000083100000| Complete 
|  50|0x0000000083200000, 0x0000000083300000, 0x0000000083300000|100%|HC|  |TAMS 0x0000000083300000, 0x0000000083200000| Complete 
|  51|0x0000000083300000, 0x0000000083400000, 0x0000000083400000|100%| O|  |TAMS 0x0000000083400000, 0x0000000083300000| Untracked 
|  52|0x0000000083400000, 0x0000000083500000, 0x0000000083500000|100%| O|  |TAMS 0x0000000083500000, 0x0000000083400000| Untracked 
|  53|0x0000000083500000, 0x0000000083600000, 0x0000000083600000|100%| O|  |TAMS 0x0000000083600000, 0x0000000083500000| Untracked 
|  54|0x0000000083600000, 0x0000000083700000, 0x0000000083700000|100%| O|  |TAMS 0x0000000083700000, 0x0000000083600000| Untracked 
|  55|0x0000000083700000, 0x0000000083800000, 0x0000000083800000|100%| O|  |TAMS 0x0000000083800000, 0x0000000083700000| Untracked 
|  56|0x0000000083800000, 0x0000000083900000, 0x0000000083900000|100%| O|  |TAMS 0x0000000083900000, 0x0000000083800000| Untracked 
|  57|0x0000000083900000, 0x0000000083a00000, 0x0000000083a00000|100%| O|  |TAMS 0x0000000083a00000, 0x0000000083900000| Untracked 
|  58|0x0000000083a00000, 0x0000000083b00000, 0x0000000083b00000|100%| O|  |TAMS 0x0000000083b00000, 0x0000000083a00000| Untracked 
|  59|0x0000000083b00000, 0x0000000083c00000, 0x0000000083c00000|100%| O|  |TAMS 0x0000000083c00000, 0x0000000083b00000| Untracked 
|  60|0x0000000083c00000, 0x0000000083d00000, 0x0000000083d00000|100%|HS|  |TAMS 0x0000000083d00000, 0x0000000083c00000| Complete 
|  61|0x0000000083d00000, 0x0000000083e00000, 0x0000000083e00000|100%|HC|  |TAMS 0x0000000083e00000, 0x0000000083d00000| Complete 
|  62|0x0000000083e00000, 0x0000000083f00000, 0x0000000083f00000|100%|HC|  |TAMS 0x0000000083f00000, 0x0000000083e00000| Complete 
|  63|0x0000000083f00000, 0x0000000084000000, 0x0000000084000000|100%|HC|  |TAMS 0x0000000084000000, 0x0000000083f00000| Complete 
|  64|0x0000000084000000, 0x0000000084100000, 0x0000000084100000|100%|HC|  |TAMS 0x0000000084100000, 0x0000000084000000| Complete 
|  65|0x0000000084100000, 0x0000000084200000, 0x0000000084200000|100%|HC|  |TAMS 0x0000000084200000, 0x0000000084100000| Complete 
|  66|0x0000000084200000, 0x0000000084300000, 0x0000000084300000|100%|HC|  |TAMS 0x0000000084300000, 0x0000000084200000| Complete 
|  67|0x0000000084300000, 0x0000000084400000, 0x0000000084400000|100%|HC|  |TAMS 0x0000000084400000, 0x0000000084300000| Complete 
|  68|0x0000000084400000, 0x0000000084500000, 0x0000000084500000|100%|HC|  |TAMS 0x0000000084500000, 0x0000000084400000| Complete 
|  69|0x0000000084500000, 0x0000000084600000, 0x0000000084600000|100%|HC|  |TAMS 0x0000000084600000, 0x0000000084500000| Complete 
|  70|0x0000000084600000, 0x0000000084700000, 0x0000000084700000|100%|HS|  |TAMS 0x0000000084700000, 0x0000000084600000| Complete 
|  71|0x0000000084700000, 0x0000000084800000, 0x0000000084800000|100%|HC|  |TAMS 0x0000000084800000, 0x0000000084700000| Complete 
|  72|0x0000000084800000, 0x00000000848a3a00, 0x0000000084900000| 63%| O|  |TAMS 0x00000000848a3a00, 0x0000000084800000| Untracked 
|  73|0x0000000084900000, 0x0000000084a00000, 0x0000000084a00000|100%|HS|  |TAMS 0x0000000084a00000, 0x0000000084900000| Complete 
|  74|0x0000000084a00000, 0x0000000084b00000, 0x0000000084b00000|100%|HC|  |TAMS 0x0000000084b00000, 0x0000000084a00000| Complete 
|  75|0x0000000084b00000, 0x0000000084c00000, 0x0000000084c00000|100%|HC|  |TAMS 0x0000000084c00000, 0x0000000084b00000| Complete 
|  76|0x0000000084c00000, 0x0000000084d00000, 0x0000000084d00000|100%|HS|  |TAMS 0x0000000084d00000, 0x0000000084c00000| Complete 
|  77|0x0000000084d00000, 0x0000000084e00000, 0x0000000084e00000|100%|HC|  |TAMS 0x0000000084e00000, 0x0000000084d00000| Complete 
|  78|0x0000000084e00000, 0x0000000084f00000, 0x0000000084f00000|100%|HS|  |TAMS 0x0000000084f00000, 0x0000000084e00000| Complete 
|  79|0x0000000084f00000, 0x0000000085000000, 0x0000000085000000|100%|HC|  |TAMS 0x0000000085000000, 0x0000000084f00000| Complete 
|  80|0x0000000085000000, 0x0000000085100000, 0x0000000085100000|100%|HC|  |TAMS 0x0000000085100000, 0x0000000085000000| Complete 
|  81|0x0000000085100000, 0x0000000085200000, 0x0000000085200000|100%|HS|  |TAMS 0x0000000085100000, 0x0000000085100000| Complete 
|  82|0x0000000085200000, 0x0000000085200000, 0x0000000085300000|  0%| F|  |TAMS 0x0000000085200000, 0x0000000085200000| Untracked 
|  83|0x0000000085300000, 0x0000000085300000, 0x0000000085400000|  0%| F|  |TAMS 0x0000000085300000, 0x0000000085300000| Untracked 
|  84|0x0000000085400000, 0x0000000085400000, 0x0000000085500000|  0%| F|  |TAMS 0x0000000085400000, 0x0000000085400000| Untracked 
|  85|0x0000000085500000, 0x0000000085500000, 0x0000000085600000|  0%| F|  |TAMS 0x0000000085500000, 0x0000000085500000| Untracked 
|  86|0x0000000085600000, 0x0000000085600000, 0x0000000085700000|  0%| F|  |TAMS 0x0000000085600000, 0x0000000085600000| Untracked 
|  87|0x0000000085700000, 0x0000000085700000, 0x0000000085800000|  0%| F|  |TAMS 0x0000000085700000, 0x0000000085700000| Untracked 
|  88|0x0000000085800000, 0x0000000085800000, 0x0000000085900000|  0%| F|  |TAMS 0x0000000085800000, 0x0000000085800000| Untracked 
|  89|0x0000000085900000, 0x0000000085900000, 0x0000000085a00000|  0%| F|  |TAMS 0x0000000085900000, 0x0000000085900000| Untracked 
|  90|0x0000000085a00000, 0x0000000085a00000, 0x0000000085b00000|  0%| F|  |TAMS 0x0000000085a00000, 0x0000000085a00000| Untracked 
|  91|0x0000000085b00000, 0x0000000085b00000, 0x0000000085c00000|  0%| F|  |TAMS 0x0000000085b00000, 0x0000000085b00000| Untracked 
|  92|0x0000000085c00000, 0x0000000085c00000, 0x0000000085d00000|  0%| F|  |TAMS 0x0000000085c00000, 0x0000000085c00000| Untracked 
|  93|0x0000000085d00000, 0x0000000085d00000, 0x0000000085e00000|  0%| F|  |TAMS 0x0000000085d00000, 0x0000000085d00000| Untracked 
|  94|0x0000000085e00000, 0x0000000085e00000, 0x0000000085f00000|  0%| F|  |TAMS 0x0000000085e00000, 0x0000000085e00000| Untracked 
|  95|0x0000000085f00000, 0x0000000085f00000, 0x0000000086000000|  0%| F|  |TAMS 0x0000000085f00000, 0x0000000085f00000| Untracked 
|  96|0x0000000086000000, 0x0000000086000000, 0x0000000086100000|  0%| F|  |TAMS 0x0000000086000000, 0x0000000086000000| Untracked 
|  97|0x0000000086100000, 0x0000000086100000, 0x0000000086200000|  0%| F|  |TAMS 0x0000000086100000, 0x0000000086100000| Untracked 
|  98|0x0000000086200000, 0x0000000086200000, 0x0000000086300000|  0%| F|  |TAMS 0x0000000086200000, 0x0000000086200000| Untracked 
|  99|0x0000000086300000, 0x0000000086300000, 0x0000000086400000|  0%| F|  |TAMS 0x0000000086300000, 0x0000000086300000| Untracked 
| 100|0x0000000086400000, 0x0000000086400000, 0x0000000086500000|  0%| F|  |TAMS 0x0000000086400000, 0x0000000086400000| Untracked 
| 101|0x0000000086500000, 0x0000000086500000, 0x0000000086600000|  0%| F|  |TAMS 0x0000000086500000, 0x0000000086500000| Untracked 
| 102|0x0000000086600000, 0x0000000086600000, 0x0000000086700000|  0%| F|  |TAMS 0x0000000086600000, 0x0000000086600000| Untracked 
| 103|0x0000000086700000, 0x0000000086700000, 0x0000000086800000|  0%| F|  |TAMS 0x0000000086700000, 0x0000000086700000| Untracked 
| 104|0x0000000086800000, 0x0000000086800000, 0x0000000086900000|  0%| F|  |TAMS 0x0000000086800000, 0x0000000086800000| Untracked 
| 105|0x0000000086900000, 0x0000000086900000, 0x0000000086a00000|  0%| F|  |TAMS 0x0000000086900000, 0x0000000086900000| Untracked 
| 106|0x0000000086a00000, 0x0000000086a00000, 0x0000000086b00000|  0%| F|  |TAMS 0x0000000086a00000, 0x0000000086a00000| Untracked 
| 107|0x0000000086b00000, 0x0000000086b00000, 0x0000000086c00000|  0%| F|  |TAMS 0x0000000086b00000, 0x0000000086b00000| Untracked 
| 108|0x0000000086c00000, 0x0000000086c00000, 0x0000000086d00000|  0%| F|  |TAMS 0x0000000086c00000, 0x0000000086c00000| Untracked 
| 109|0x0000000086d00000, 0x0000000086d00000, 0x0000000086e00000|  0%| F|  |TAMS 0x0000000086d00000, 0x0000000086d00000| Untracked 
| 110|0x0000000086e00000, 0x0000000086e00000, 0x0000000086f00000|  0%| F|  |TAMS 0x0000000086e00000, 0x0000000086e00000| Untracked 
| 111|0x0000000086f00000, 0x0000000086f00000, 0x0000000087000000|  0%| F|  |TAMS 0x0000000086f00000, 0x0000000086f00000| Untracked 
| 112|0x0000000087000000, 0x0000000087000000, 0x0000000087100000|  0%| F|  |TAMS 0x0000000087000000, 0x0000000087000000| Untracked 
| 113|0x0000000087100000, 0x0000000087100000, 0x0000000087200000|  0%| F|  |TAMS 0x0000000087100000, 0x0000000087100000| Untracked 
| 114|0x0000000087200000, 0x0000000087200000, 0x0000000087300000|  0%| F|  |TAMS 0x0000000087200000, 0x0000000087200000| Untracked 
| 115|0x0000000087300000, 0x0000000087300000, 0x0000000087400000|  0%| F|  |TAMS 0x0000000087300000, 0x0000000087300000| Untracked 
| 116|0x0000000087400000, 0x0000000087400000, 0x0000000087500000|  0%| F|  |TAMS 0x0000000087400000, 0x0000000087400000| Untracked 
| 117|0x0000000087500000, 0x0000000087500000, 0x0000000087600000|  0%| F|  |TAMS 0x0000000087500000, 0x0000000087500000| Untracked 
| 118|0x0000000087600000, 0x0000000087600000, 0x0000000087700000|  0%| F|  |TAMS 0x0000000087600000, 0x0000000087600000| Untracked 
| 119|0x0000000087700000, 0x0000000087700000, 0x0000000087800000|  0%| F|  |TAMS 0x0000000087700000, 0x0000000087700000| Untracked 
| 120|0x0000000087800000, 0x0000000087800000, 0x0000000087900000|  0%| F|  |TAMS 0x0000000087800000, 0x0000000087800000| Untracked 
| 121|0x0000000087900000, 0x0000000087900000, 0x0000000087a00000|  0%| F|  |TAMS 0x0000000087900000, 0x0000000087900000| Untracked 
| 122|0x0000000087a00000, 0x0000000087a00000, 0x0000000087b00000|  0%| F|  |TAMS 0x0000000087a00000, 0x0000000087a00000| Untracked 
| 123|0x0000000087b00000, 0x0000000087b00000, 0x0000000087c00000|  0%| F|  |TAMS 0x0000000087b00000, 0x0000000087b00000| Untracked 
| 124|0x0000000087c00000, 0x0000000087c00000, 0x0000000087d00000|  0%| F|  |TAMS 0x0000000087c00000, 0x0000000087c00000| Untracked 
| 125|0x0000000087d00000, 0x0000000087d00000, 0x0000000087e00000|  0%| F|  |TAMS 0x0000000087d00000, 0x0000000087d00000| Untracked 
| 126|0x0000000087e00000, 0x0000000087e00000, 0x0000000087f00000|  0%| F|  |TAMS 0x0000000087e00000, 0x0000000087e00000| Untracked 
| 127|0x0000000087f00000, 0x0000000087f00000, 0x0000000088000000|  0%| F|  |TAMS 0x0000000087f00000, 0x0000000087f00000| Untracked 
| 128|0x0000000088000000, 0x0000000088000000, 0x0000000088100000|  0%| F|  |TAMS 0x0000000088000000, 0x0000000088000000| Untracked 
| 129|0x0000000088100000, 0x0000000088100000, 0x0000000088200000|  0%| F|  |TAMS 0x0000000088100000, 0x0000000088100000| Untracked 
| 130|0x0000000088200000, 0x0000000088200000, 0x0000000088300000|  0%| F|  |TAMS 0x0000000088200000, 0x0000000088200000| Untracked 
| 131|0x0000000088300000, 0x0000000088300000, 0x0000000088400000|  0%| F|  |TAMS 0x0000000088300000, 0x0000000088300000| Untracked 
| 132|0x0000000088400000, 0x0000000088400000, 0x0000000088500000|  0%| F|  |TAMS 0x0000000088400000, 0x0000000088400000| Untracked 
| 133|0x0000000088500000, 0x0000000088500000, 0x0000000088600000|  0%| F|  |TAMS 0x0000000088500000, 0x0000000088500000| Untracked 
| 134|0x0000000088600000, 0x0000000088600000, 0x0000000088700000|  0%| F|  |TAMS 0x0000000088600000, 0x0000000088600000| Untracked 
| 135|0x0000000088700000, 0x0000000088700000, 0x0000000088800000|  0%| F|  |TAMS 0x0000000088700000, 0x0000000088700000| Untracked 
| 136|0x0000000088800000, 0x0000000088800000, 0x0000000088900000|  0%| F|  |TAMS 0x0000000088800000, 0x0000000088800000| Untracked 
| 137|0x0000000088900000, 0x0000000088900000, 0x0000000088a00000|  0%| F|  |TAMS 0x0000000088900000, 0x0000000088900000| Untracked 
| 138|0x0000000088a00000, 0x0000000088a00000, 0x0000000088b00000|  0%| F|  |TAMS 0x0000000088a00000, 0x0000000088a00000| Untracked 
| 139|0x0000000088b00000, 0x0000000088b00000, 0x0000000088c00000|  0%| F|  |TAMS 0x0000000088b00000, 0x0000000088b00000| Untracked 
| 140|0x0000000088c00000, 0x0000000088c00000, 0x0000000088d00000|  0%| F|  |TAMS 0x0000000088c00000, 0x0000000088c00000| Untracked 
| 141|0x0000000088d00000, 0x0000000088d00000, 0x0000000088e00000|  0%| F|  |TAMS 0x0000000088d00000, 0x0000000088d00000| Untracked 
| 142|0x0000000088e00000, 0x0000000088e00000, 0x0000000088f00000|  0%| F|  |TAMS 0x0000000088e00000, 0x0000000088e00000| Untracked 
| 143|0x0000000088f00000, 0x0000000088f00000, 0x0000000089000000|  0%| F|  |TAMS 0x0000000088f00000, 0x0000000088f00000| Untracked 
| 144|0x0000000089000000, 0x00000000890224c8, 0x0000000089100000| 13%| S|CS|TAMS 0x0000000089000000, 0x0000000089000000| Complete 
| 145|0x0000000089100000, 0x0000000089200000, 0x0000000089200000|100%| S|CS|TAMS 0x0000000089100000, 0x0000000089100000| Complete 
| 146|0x0000000089200000, 0x0000000089300000, 0x0000000089300000|100%| S|CS|TAMS 0x0000000089200000, 0x0000000089200000| Complete 
| 147|0x0000000089300000, 0x0000000089400000, 0x0000000089400000|100%| S|CS|TAMS 0x0000000089300000, 0x0000000089300000| Complete 
| 148|0x0000000089400000, 0x0000000089500000, 0x0000000089500000|100%| S|CS|TAMS 0x0000000089400000, 0x0000000089400000| Complete 
| 149|0x0000000089500000, 0x0000000089500000, 0x0000000089600000|  0%| F|  |TAMS 0x0000000089500000, 0x0000000089500000| Untracked 
| 150|0x0000000089600000, 0x0000000089600000, 0x0000000089700000|  0%| F|  |TAMS 0x0000000089600000, 0x0000000089600000| Untracked 
| 151|0x0000000089700000, 0x0000000089700000, 0x0000000089800000|  0%| F|  |TAMS 0x0000000089700000, 0x0000000089700000| Untracked 
| 152|0x0000000089800000, 0x0000000089800000, 0x0000000089900000|  0%| F|  |TAMS 0x0000000089800000, 0x0000000089800000| Untracked 
| 153|0x0000000089900000, 0x0000000089900000, 0x0000000089a00000|  0%| F|  |TAMS 0x0000000089900000, 0x0000000089900000| Untracked 
| 154|0x0000000089a00000, 0x0000000089a00000, 0x0000000089b00000|  0%| F|  |TAMS 0x0000000089a00000, 0x0000000089a00000| Untracked 
| 155|0x0000000089b00000, 0x0000000089b00000, 0x0000000089c00000|  0%| F|  |TAMS 0x0000000089b00000, 0x0000000089b00000| Untracked 
| 156|0x0000000089c00000, 0x0000000089c00000, 0x0000000089d00000|  0%| F|  |TAMS 0x0000000089c00000, 0x0000000089c00000| Untracked 
| 157|0x0000000089d00000, 0x0000000089e00000, 0x0000000089e00000|100%| E|  |TAMS 0x0000000089d00000, 0x0000000089d00000| Complete 
| 158|0x0000000089e00000, 0x0000000089f00000, 0x0000000089f00000|100%| E|CS|TAMS 0x0000000089e00000, 0x0000000089e00000| Complete 
| 159|0x0000000089f00000, 0x000000008a000000, 0x000000008a000000|100%| E|CS|TAMS 0x0000000089f00000, 0x0000000089f00000| Complete 
| 160|0x000000008a000000, 0x000000008a100000, 0x000000008a100000|100%| E|CS|TAMS 0x000000008a000000, 0x000000008a000000| Complete 
| 161|0x000000008a100000, 0x000000008a200000, 0x000000008a200000|100%| E|CS|TAMS 0x000000008a100000, 0x000000008a100000| Complete 
| 162|0x000000008a200000, 0x000000008a300000, 0x000000008a300000|100%| E|CS|TAMS 0x000000008a200000, 0x000000008a200000| Complete 
| 163|0x000000008a300000, 0x000000008a400000, 0x000000008a400000|100%| E|CS|TAMS 0x000000008a300000, 0x000000008a300000| Complete 
| 164|0x000000008a400000, 0x000000008a500000, 0x000000008a500000|100%| E|CS|TAMS 0x000000008a400000, 0x000000008a400000| Complete 
| 165|0x000000008a500000, 0x000000008a600000, 0x000000008a600000|100%| E|CS|TAMS 0x000000008a500000, 0x000000008a500000| Complete 

Card table byte_map: [0x000001613bc40000,0x000001613c040000] _byte_map_base: 0x000001613b840000

Marking Bits (Prev, Next): (CMBitMap*) 0x0000016126f63848, (CMBitMap*) 0x0000016126f63880
 Prev Bits: [0x000001613c440000, 0x000001613e440000)
 Next Bits: [0x000001613e440000, 0x0000016140440000)

Polling page: 0x0000016126df0000

Metaspace:

Usage:
  Non-class:     40.08 MB capacity,    39.21 MB ( 98%) used,   774.83 KB (  2%) free+waste,   115.00 KB ( <1%) overhead. 
      Class:      6.05 MB capacity,     5.62 MB ( 93%) used,   380.51 KB (  6%) free+waste,    55.44 KB ( <1%) overhead. 
       Both:     46.13 MB capacity,    44.83 MB ( 97%) used,     1.13 MB (  2%) free+waste,   170.44 KB ( <1%) overhead. 

Virtual space:
  Non-class space:       42.00 MB reserved,      40.17 MB ( 96%) committed 
      Class space:        1.00 GB reserved,       6.12 MB ( <1%) committed 
             Both:        1.04 GB reserved,      46.30 MB (  4%) committed 

Chunk freelists:
   Non-Class:  31.00 KB
       Class:  16.00 KB
        Both:  47.00 KB

MaxMetaspaceSize: 17179869184.00 GB
CompressedClassSpaceSize: 1.00 GB
Initial GC threshold: 20.80 MB
Current GC threshold: 76.33 MB
CDS: off

CodeHeap 'non-profiled nmethods': size=120064Kb used=1821Kb max_used=1821Kb free=118242Kb
 bounds [0x0000016133cd0000, 0x0000016133f40000, 0x000001613b210000]
CodeHeap 'profiled nmethods': size=120000Kb used=8261Kb max_used=8261Kb free=111738Kb
 bounds [0x000001612c7a0000, 0x000001612cfc0000, 0x0000016133cd0000]
CodeHeap 'non-nmethods': size=5696Kb used=2298Kb max_used=2333Kb free=3397Kb
 bounds [0x000001612c210000, 0x000001612c480000, 0x000001612c7a0000]
 total_blobs=4733 nmethods=3949 adapters=696
 compilation: enabled
              stopped_count=0, restarted_count=0
 full_count=0

Compilation events (20 events):
Event: 8.113 Thread 0x0000016142aa8800 3978       3       java.util.stream.Nodes$SpinedNodeBuilder::begin (38 bytes)
Event: 8.114 Thread 0x0000016142aa8800 nmethod 3978 0x000001612cfa1110 code [0x000001612cfa12e0, 0x000001612cfa14f8]
Event: 8.114 Thread 0x0000016142aa8800 3979       3       java.util.stream.Nodes$SpinedNodeBuilder::end (29 bytes)
Event: 8.114 Thread 0x0000016142aa8800 nmethod 3979 0x000001612cfa1610 code [0x000001612cfa17c0, 0x000001612cfa18d8]
Event: 8.114 Thread 0x0000016142aa8800 3980       3       java.util.stream.Nodes$SpinedNodeBuilder::build (25 bytes)
Event: 8.114 Thread 0x0000016142aa8800 nmethod 3980 0x000001612cfa1990 code [0x000001612cfa1b40, 0x000001612cfa1c58]
Event: 8.114 Thread 0x0000016142aa8800 3981       3       com.google.common.collect.MapMakerInternalMap$StrongKeyWeakValueSegment::maybeDrainReferenceQueues (9 bytes)
Event: 8.114 Thread 0x0000016142aa8800 nmethod 3981 0x000001612cfa1d10 code [0x000001612cfa1ec0, 0x000001612cfa2068]
Event: 8.114 Thread 0x0000016142aa8800 3982       3       com.google.common.collect.MapMakerInternalMap$Segment::drainValueReferenceQueue (42 bytes)
Event: 8.115 Thread 0x0000016142aa8800 nmethod 3982 0x000001612cfa2110 code [0x000001612cfa2360, 0x000001612cfa2de8]
Event: 8.115 Thread 0x0000016142aa8800 3983       3       com.google.common.collect.MapMakerInternalMap$StrongKeyWeakValueEntry$Helper::setValue (14 bytes)
Event: 8.115 Thread 0x0000016142aa8800 nmethod 3983 0x000001612cfa3190 code [0x000001612cfa33a0, 0x000001612cfa3a58]
Event: 8.117 Thread 0x0000016142aa8800 3984       3       com.sun.beans.introspect.PropertyInfo::add (30 bytes)
Event: 8.118 Thread 0x0000016142aa8800 nmethod 3984 0x000001612cfa3d10 code [0x000001612cfa3fa0, 0x000001612cfa4b28]
Event: 8.118 Thread 0x0000016142aa8800 3985       3       com.sun.beans.introspect.MethodInfo::<init> (19 bytes)
Event: 8.118 Thread 0x0000016142aa8800 nmethod 3985 0x000001612cfa4f90 code [0x000001612cfa51e0, 0x000001612cfa5978]
Event: 8.120 Thread 0x0000016142aa8800 3986       1       java.util.Spliterators$EmptySpliterator::characteristics (4 bytes)
Event: 8.120 Thread 0x0000016142aa8800 nmethod 3986 0x0000016133e97190 code [0x0000016133e97340, 0x0000016133e973f8]
Event: 8.123 Thread 0x0000016142aa8800 3987       3       org.codehaus.groovy.reflection.CachedClass::getNewMetaMethods (166 bytes)
Event: 8.124 Thread 0x0000016142aa8800 nmethod 3987 0x000001612cfa5c90 code [0x000001612cfa5fc0, 0x000001612cfa7328]

GC Heap History (20 events):
Event: 6.134 GC heap before
{Heap before GC invocations=24 (full 0):
 garbage-first heap   total 89088K, used 69662K [0x0000000080000000, 0x0000000100000000)
  region size 1024K, 14 young (14336K), 2 survivors (2048K)
 Metaspace       used 39174K, capacity 40299K, committed 40496K, reserved 1085440K
  class space    used 5030K, capacity 5429K, committed 5504K, reserved 1048576K
}
Event: 6.148 GC heap after
{Heap after GC invocations=25 (full 0):
 garbage-first heap   total 89088K, used 59131K [0x0000000080000000, 0x0000000100000000)
  region size 1024K, 2 young (2048K), 2 survivors (2048K)
 Metaspace       used 39174K, capacity 40299K, committed 40496K, reserved 1085440K
  class space    used 5030K, capacity 5429K, committed 5504K, reserved 1048576K
}
Event: 6.215 GC heap before
{Heap before GC invocations=26 (full 0):
 garbage-first heap   total 89088K, used 70395K [0x0000000080000000, 0x0000000100000000)
  region size 1024K, 13 young (13312K), 2 survivors (2048K)
 Metaspace       used 39194K, capacity 40307K, committed 40496K, reserved 1085440K
  class space    used 5030K, capacity 5429K, committed 5504K, reserved 1048576K
}
Event: 6.219 GC heap after
{Heap after GC invocations=27 (full 0):
 garbage-first heap   total 89088K, used 59924K [0x0000000080000000, 0x0000000100000000)
  region size 1024K, 2 young (2048K), 2 survivors (2048K)
 Metaspace       used 39194K, capacity 40307K, committed 40496K, reserved 1085440K
  class space    used 5030K, capacity 5429K, committed 5504K, reserved 1048576K
}
Event: 6.351 GC heap before
{Heap before GC invocations=27 (full 0):
 garbage-first heap   total 89088K, used 68116K [0x0000000080000000, 0x0000000100000000)
  region size 1024K, 12 young (12288K), 2 survivors (2048K)
 Metaspace       used 39696K, capacity 40806K, committed 41008K, reserved 1085440K
  class space    used 5083K, capacity 5466K, committed 5504K, reserved 1048576K
}
Event: 6.356 GC heap after
{Heap after GC invocations=28 (full 0):
 garbage-first heap   total 132096K, used 61533K [0x0000000080000000, 0x0000000100000000)
  region size 1024K, 2 young (2048K), 2 survivors (2048K)
 Metaspace       used 39696K, capacity 40806K, committed 41008K, reserved 1085440K
  class space    used 5083K, capacity 5466K, committed 5504K, reserved 1048576K
}
Event: 6.913 GC heap before
{Heap before GC invocations=29 (full 0):
 garbage-first heap   total 132096K, used 92253K [0x0000000080000000, 0x0000000100000000)
  region size 1024K, 29 young (29696K), 2 survivors (2048K)
 Metaspace       used 42972K, capacity 44128K, committed 44208K, reserved 1087488K
  class space    used 5458K, capacity 5848K, committed 5888K, reserved 1048576K
}
Event: 6.921 GC heap after
{Heap after GC invocations=30 (full 0):
 garbage-first heap   total 132096K, used 62180K [0x0000000080000000, 0x0000000100000000)
  region size 1024K, 3 young (3072K), 3 survivors (3072K)
 Metaspace       used 42972K, capacity 44128K, committed 44208K, reserved 1087488K
  class space    used 5458K, capacity 5848K, committed 5888K, reserved 1048576K
}
Event: 7.209 GC heap before
{Heap before GC invocations=30 (full 0):
 garbage-first heap   total 132096K, used 76516K [0x0000000080000000, 0x0000000100000000)
  region size 1024K, 19 young (19456K), 3 survivors (3072K)
 Metaspace       used 44000K, capacity 45201K, committed 45488K, reserved 1089536K
  class space    used 5606K, capacity 6029K, committed 6144K, reserved 1048576K
}
Event: 7.216 GC heap after
{Heap after GC invocations=31 (full 0):
 garbage-first heap   total 132096K, used 63445K [0x0000000080000000, 0x0000000100000000)
  region size 1024K, 3 young (3072K), 3 survivors (3072K)
 Metaspace       used 44000K, capacity 45201K, committed 45488K, reserved 1089536K
  class space    used 5606K, capacity 6029K, committed 6144K, reserved 1048576K
}
Event: 7.316 GC heap before
{Heap before GC invocations=32 (full 0):
 garbage-first heap   total 132096K, used 73685K [0x0000000080000000, 0x0000000100000000)
  region size 1024K, 4 young (4096K), 3 survivors (3072K)
 Metaspace       used 44000K, capacity 45201K, committed 45488K, reserved 1089536K
  class space    used 5606K, capacity 6029K, committed 6144K, reserved 1048576K
}
Event: 7.321 GC heap after
{Heap after GC invocations=33 (full 0):
 garbage-first heap   total 132096K, used 73766K [0x0000000080000000, 0x0000000100000000)
  region size 1024K, 3 young (3072K), 3 survivors (3072K)
 Metaspace       used 44000K, capacity 45201K, committed 45488K, reserved 1089536K
  class space    used 5606K, capacity 6029K, committed 6144K, reserved 1048576K
}
Event: 7.479 GC heap before
{Heap before GC invocations=34 (full 0):
 garbage-first heap   total 132096K, used 75814K [0x0000000080000000, 0x0000000100000000)
  region size 1024K, 4 young (4096K), 3 survivors (3072K)
 Metaspace       used 44000K, capacity 45201K, committed 45488K, reserved 1089536K
  class space    used 5606K, capacity 6029K, committed 6144K, reserved 1048576K
}
Event: 7.486 GC heap after
{Heap after GC invocations=35 (full 0):
 garbage-first heap   total 169984K, used 76039K [0x0000000080000000, 0x0000000100000000)
  region size 1024K, 2 young (2048K), 2 survivors (2048K)
 Metaspace       used 44000K, capacity 45201K, committed 45488K, reserved 1089536K
  class space    used 5606K, capacity 6029K, committed 6144K, reserved 1048576K
}
Event: 7.574 GC heap before
{Heap before GC invocations=36 (full 0):
 garbage-first heap   total 169984K, used 79111K [0x0000000080000000, 0x0000000100000000)
  region size 1024K, 3 young (3072K), 2 survivors (2048K)
 Metaspace       used 44000K, capacity 45201K, committed 45488K, reserved 1089536K
  class space    used 5606K, capacity 6029K, committed 6144K, reserved 1048576K
}
Event: 7.579 GC heap after
{Heap after GC invocations=37 (full 0):
 garbage-first heap   total 169984K, used 79614K [0x0000000080000000, 0x0000000100000000)
  region size 1024K, 3 young (3072K), 3 survivors (3072K)
 Metaspace       used 44000K, capacity 45201K, committed 45488K, reserved 1089536K
  class space    used 5606K, capacity 6029K, committed 6144K, reserved 1048576K
}
Event: 7.670 GC heap before
{Heap before GC invocations=38 (full 0):
 garbage-first heap   total 169984K, used 81662K [0x0000000080000000, 0x0000000100000000)
  region size 1024K, 4 young (4096K), 3 survivors (3072K)
 Metaspace       used 44000K, capacity 45201K, committed 45488K, reserved 1089536K
  class space    used 5606K, capacity 6029K, committed 6144K, reserved 1048576K
}
Event: 7.675 GC heap after
{Heap after GC invocations=39 (full 0):
 garbage-first heap   total 169984K, used 81707K [0x0000000080000000, 0x0000000100000000)
  region size 1024K, 3 young (3072K), 3 survivors (3072K)
 Metaspace       used 44000K, capacity 45201K, committed 45488K, reserved 1089536K
  class space    used 5606K, capacity 6029K, committed 6144K, reserved 1048576K
}
Event: 7.969 GC heap before
{Heap before GC invocations=40 (full 0):
 garbage-first heap   total 169984K, used 97067K [0x0000000080000000, 0x0000000100000000)
  region size 1024K, 17 young (17408K), 3 survivors (3072K)
 Metaspace       used 44570K, capacity 45921K, committed 46128K, reserved 1089536K
  class space    used 5680K, capacity 6160K, committed 6272K, reserved 1048576K
}
Event: 7.976 GC heap after
{Heap after GC invocations=41 (full 0):
 garbage-first heap   total 169984K, used 86807K [0x0000000080000000, 0x0000000100000000)
  region size 1024K, 5 young (5120K), 5 survivors (5120K)
 Metaspace       used 44570K, capacity 45921K, committed 46128K, reserved 1089536K
  class space    used 5680K, capacity 6160K, committed 6272K, reserved 1048576K
}

Deoptimization events (20 events):
Event: 7.325 Thread 0x00000161452b8800 DEOPT PACKING pc=0x000001612c86865a sp=0x00000014c5df3740
Event: 7.325 Thread 0x00000161452b8800 DEOPT UNPACKING pc=0x000001612c259d0e sp=0x00000014c5df2bc8 mode 0
Event: 7.333 Thread 0x00000161452b8800 DEOPT PACKING pc=0x000001612cf2cf84 sp=0x00000014c5df3780
Event: 7.361 Thread 0x00000161452b8800 DEOPT UNPACKING pc=0x000001612c259d0e sp=0x00000014c5df2d58 mode 0
Event: 7.756 Thread 0x00000161452b8800 DEOPT PACKING pc=0x000001612c85ae1b sp=0x00000014c5df3c70
Event: 7.756 Thread 0x00000161452b8800 DEOPT UNPACKING pc=0x000001612c259d0e sp=0x00000014c5df31b0 mode 0
Event: 7.759 Thread 0x00000161452b8800 Uncommon trap: trap_request=0xffffff4d fr.pc=0x0000016133de95ac relative=0x00000000000053cc
Event: 7.759 Thread 0x00000161452b8800 Uncommon trap: reason=unstable_if action=reinterpret pc=0x0000016133de95ac method=java.lang.StringLatin1.regionMatchesCI([BI[BII)Z @ 66 c2
Event: 7.760 Thread 0x00000161452b8800 DEOPT PACKING pc=0x0000016133de95ac sp=0x00000014c5df7770
Event: 7.760 Thread 0x00000161452b8800 DEOPT UNPACKING pc=0x000001612c2185af sp=0x00000014c5df7520 mode 2
Event: 7.956 Thread 0x00000161452b8800 Uncommon trap: trap_request=0xffffff4d fr.pc=0x0000016133d26a20 relative=0x0000000000000640
Event: 7.956 Thread 0x00000161452b8800 Uncommon trap: reason=unstable_if action=reinterpret pc=0x0000016133d26a20 method=java.util.jar.Manifest$FastInputStream.readLine([BII)I @ 130 c2
Event: 7.956 Thread 0x00000161452b8800 DEOPT PACKING pc=0x0000016133d26a20 sp=0x00000014c5df4f90
Event: 7.956 Thread 0x00000161452b8800 DEOPT UNPACKING pc=0x000001612c2185af sp=0x00000014c5df4f20 mode 2
Event: 7.956 Thread 0x00000161452b8800 DEOPT PACKING pc=0x000001612c85edcc sp=0x00000014c5df4a70
Event: 7.956 Thread 0x00000161452b8800 DEOPT UNPACKING pc=0x000001612c259d0e sp=0x00000014c5df4010 mode 0
Event: 8.069 Thread 0x00000161452b8800 Uncommon trap: trap_request=0xffffffcc fr.pc=0x0000016133e93a1c relative=0x00000000000010fc
Event: 8.069 Thread 0x00000161452b8800 Uncommon trap: reason=intrinsic_or_type_checked_inlining action=make_not_entrant pc=0x0000016133e93a1c method=java.util.ArrayList.toArray([Ljava/lang/Object;)[Ljava/lang/Object; @ 36 c2
Event: 8.069 Thread 0x00000161452b8800 DEOPT PACKING pc=0x0000016133e93a1c sp=0x00000014c5df1970
Event: 8.069 Thread 0x00000161452b8800 DEOPT UNPACKING pc=0x000001612c2185af sp=0x00000014c5df18d0 mode 2

Classes redefined (0 events):
No events

Internal exceptions (20 events):
Event: 7.911 Thread 0x00000161452b8800 Exception <a 'java/lang/ClassNotFoundException'{0x0000000089a62ea8}: java/net/URLClassLoaderCustomizer> (0x0000000089a62ea8) thrown at [src/hotspot/share/classfile/systemDictionary.cpp, line 230]
Event: 7.912 Thread 0x00000161452b8800 Exception <a 'java/lang/ClassNotFoundException'{0x0000000089a936d0}: org/gradle/internal/classloader/VisitableURLClassLoaderCustomizer> (0x0000000089a936d0) thrown at [src/hotspot/share/classfile/systemDictionary.cpp, line 230]
Event: 7.917 Thread 0x00000161452b8800 Exception <a 'java/lang/ClassNotFoundException'{0x0000000089ad77c0}: org/jetbrains/plugins/gradle/tooling/internal/ExtraModelBuilder$ForGradle44BeanInfo> (0x0000000089ad77c0) thrown at [src/hotspot/share/classfile/systemDictionary.cpp, line 230]
Event: 7.918 Thread 0x00000161452b8800 Exception <a 'java/lang/ClassNotFoundException'{0x0000000089ae2f58}: org/jetbrains/plugins/gradle/tooling/internal/ExtraModelBuilder$ForGradle44Customizer> (0x0000000089ae2f58) thrown at [src/hotspot/share/classfile/systemDictionary.cpp, line 230]
Event: 8.048 Thread 0x00000161452b8800 Exception <a 'java/lang/ClassNotFoundException'{0x000000008a352210}: org/jetbrains/plugins/gradle/tooling/builder/WarModelBuilderImplBeanInfo> (0x000000008a352210) thrown at [src/hotspot/share/classfile/systemDictionary.cpp, line 230]
Event: 8.049 Thread 0x00000161452b8800 Exception <a 'java/lang/ClassNotFoundException'{0x000000008a35e880}: org/jetbrains/plugins/gradle/tooling/AbstractModelBuilderServiceBeanInfo> (0x000000008a35e880) thrown at [src/hotspot/share/classfile/systemDictionary.cpp, line 230]
Event: 8.049 Thread 0x00000161452b8800 Exception <a 'java/lang/ClassNotFoundException'{0x000000008a36afe8}: org/jetbrains/plugins/gradle/tooling/AbstractModelBuilderServiceCustomizer> (0x000000008a36afe8) thrown at [src/hotspot/share/classfile/systemDictionary.cpp, line 230]
Event: 8.050 Thread 0x00000161452b8800 Exception <a 'java/lang/ClassNotFoundException'{0x000000008a37a5e8}: org/jetbrains/plugins/gradle/tooling/builder/WarModelBuilderImplCustomizer> (0x000000008a37a5e8) thrown at [src/hotspot/share/classfile/systemDictionary.cpp, line 230]
Event: 8.060 Thread 0x00000161452b8800 Exception <a 'java/lang/ClassNotFoundException'{0x000000008a3eb530}: org/jetbrains/plugins/gradle/tooling/builder/EarModelBuilderImplBeanInfo> (0x000000008a3eb530) thrown at [src/hotspot/share/classfile/systemDictionary.cpp, line 230]
Event: 8.061 Thread 0x00000161452b8800 Exception <a 'java/lang/ClassNotFoundException'{0x000000008a3f7c98}: org/jetbrains/plugins/gradle/tooling/builder/EarModelBuilderImplCustomizer> (0x000000008a3f7c98) thrown at [src/hotspot/share/classfile/systemDictionary.cpp, line 230]
Event: 8.078 Thread 0x00000161452b8800 Exception <a 'java/lang/ClassNotFoundException'{0x000000008a2f0ca8}: org/jetbrains/plugins/gradle/tooling/builder/ScalaModelBuilderImplBeanInfo> (0x000000008a2f0ca8) thrown at [src/hotspot/share/classfile/systemDictionary.cpp, line 230]
Event: 8.079 Thread 0x00000161452b8800 Exception <a 'java/lang/ClassNotFoundException'{0x000000008a2fd4d8}: org/jetbrains/plugins/gradle/tooling/builder/ScalaModelBuilderImplCustomizer> (0x000000008a2fd4d8) thrown at [src/hotspot/share/classfile/systemDictionary.cpp, line 230]
Event: 8.091 Thread 0x00000161452b8800 Exception <a 'java/lang/ClassNotFoundException'{0x000000008a181fb8}: org/jetbrains/plugins/gradle/tooling/builder/ExternalProjectBuilderImpl$1BeanInfo> (0x000000008a181fb8) thrown at [src/hotspot/share/classfile/systemDictionary.cpp, line 230]
Event: 8.091 Thread 0x00000161452b8800 Exception <a 'java/lang/ClassNotFoundException'{0x000000008a18e9e0}: org/jetbrains/plugins/gradle/tooling/builder/ExternalProjectBuilderImpl$1Customizer> (0x000000008a18e9e0) thrown at [src/hotspot/share/classfile/systemDictionary.cpp, line 230]
Event: 8.098 Thread 0x00000161452b8800 Exception <a 'java/lang/ClassNotFoundException'{0x000000008a1ee478}: org/jetbrains/plugins/gradle/tooling/builder/ExternalProjectBuilderImplBeanInfo> (0x000000008a1ee478) thrown at [src/hotspot/share/classfile/systemDictionary.cpp, line 230]
Event: 8.100 Thread 0x00000161452b8800 Exception <a 'java/lang/ClassNotFoundException'{0x000000008a1fad38}: org/jetbrains/plugins/gradle/tooling/builder/ExternalProjectBuilderImplCustomizer> (0x000000008a1fad38) thrown at [src/hotspot/share/classfile/systemDictionary.cpp, line 230]
Event: 8.112 Thread 0x00000161452b8800 Exception <a 'java/lang/ClassNotFoundException'{0x000000008a0ba8d0}: org/jetbrains/plugins/gradle/tooling/tasks/DependenciesReport$ReportGeneratorBeanInfo> (0x000000008a0ba8d0) thrown at [src/hotspot/share/classfile/systemDictionary.cpp, line 230]
Event: 8.112 Thread 0x00000161452b8800 Exception <a 'java/lang/ClassNotFoundException'{0x000000008a0c7310}: org/jetbrains/plugins/gradle/tooling/tasks/DependenciesReport$ReportGeneratorCustomizer> (0x000000008a0c7310) thrown at [src/hotspot/share/classfile/systemDictionary.cpp, line 230]
Event: 8.114 Thread 0x00000161452b8800 Exception <a 'java/lang/ClassNotFoundException'{0x0000000089f03e98}: org/jetbrains/plugins/gradle/tooling/builder/DependencyGraphModelBuilderImplBeanInfo> (0x0000000089f03e98) thrown at [src/hotspot/share/classfile/systemDictionary.cpp, line 230]
Event: 8.116 Thread 0x00000161452b8800 Exception <a 'java/lang/ClassNotFoundException'{0x0000000089f108d0}: org/jetbrains/plugins/gradle/tooling/builder/DependencyGraphModelBuilderImplCustomizer> (0x0000000089f108d0) thrown at [src/hotspot/share/classfile/systemDictionary.cpp, line 230]

Events (20 events):
Event: 8.116 loading class org/jetbrains/plugins/gradle/tooling/builder/DependencyGraphModelBuilderImplCustomizer
Event: 8.116 loading class org/jetbrains/plugins/gradle/tooling/builder/DependencyGraphModelBuilderImplCustomizer done
Event: 8.117 loading class org/jetbrains/plugins/gradle/tooling/builder/ExternalTestsModelBuilderImpl
Event: 8.117 loading class org/jetbrains/plugins/gradle/tooling/builder/ExternalTestsModelBuilderImpl done
Event: 8.118 loading class org/jetbrains/plugins/gradle/tooling/builder/ExternalTestsModelBuilderImpl$_getMapping_closure1
Event: 8.118 loading class org/jetbrains/plugins/gradle/tooling/builder/ExternalTestsModelBuilderImpl$_getMapping_closure1 done
Event: 8.122 loading class org/jetbrains/plugins/gradle/tooling/builder/ExternalTestsModelBuilderImpl$_getMapping_closure2
Event: 8.122 loading class org/jetbrains/plugins/gradle/tooling/builder/ExternalTestsModelBuilderImpl$_getMapping_closure2 done
Event: 8.123 loading class groovy/runtime/metaclass/org/jetbrains/plugins/gradle/tooling/builder/ExternalTestsModelBuilderImplMetaClass
Event: 8.123 loading class groovy/runtime/metaclass/org/jetbrains/plugins/gradle/tooling/builder/ExternalTestsModelBuilderImplMetaClass done
Event: 8.123 loading class org/gradle/api/tasks/testing/Test
Event: 8.123 loading class org/gradle/api/tasks/testing/Test done
Event: 8.123 loading class org/gradle/api/tasks/testing/Test
Event: 8.123 loading class org/gradle/api/tasks/testing/Test done
Event: 8.130 loading class org/gradle/api/tasks/testing/AbstractTestTask
Event: 8.130 loading class org/gradle/api/tasks/testing/AbstractTestTask done
Event: 8.136 loading class org/gradle/api/tasks/VerificationTask
Event: 8.136 loading class org/gradle/api/tasks/VerificationTask done
Event: 8.136 loading class org/gradle/api/reporting/Reporting
Event: 8.136 loading class org/gradle/api/reporting/Reporting done


Dynamic libraries:
0x00007ff6e8540000 - 0x00007ff6e854a000 	C:\Program Files\Android\Android Studio\jbr\bin\java.exe
0x00007ff92cd70000 - 0x00007ff92cf68000 	C:\Windows\SYSTEM32\ntdll.dll
0x00007ff92c550000 - 0x00007ff92c60f000 	C:\Windows\System32\KERNEL32.DLL
0x00007ff92a740000 - 0x00007ff92aa1a000 	C:\Windows\System32\KERNELBASE.dll
0x00007ff92a480000 - 0x00007ff92a580000 	C:\Windows\System32\ucrtbase.dll
0x00007ff9201a0000 - 0x00007ff9201bb000 	C:\Program Files\Android\Android Studio\jbr\bin\VCRUNTIME140.dll
0x00007ff91b9a0000 - 0x00007ff91b9b7000 	C:\Program Files\Android\Android Studio\jbr\bin\jli.dll
0x00007ff92b9a0000 - 0x00007ff92bb3d000 	C:\Windows\System32\USER32.dll
0x00007ff91e950000 - 0x00007ff91ebea000 	C:\Windows\WinSxS\amd64_microsoft.windows.common-controls_6595b64144ccf1df_6.0.19041.1110_none_60b5254171f9507e\COMCTL32.dll
0x00007ff92abf0000 - 0x00007ff92ac12000 	C:\Windows\System32\win32u.dll
0x00007ff92b330000 - 0x00007ff92b35b000 	C:\Windows\System32\GDI32.dll
0x00007ff92b4d0000 - 0x00007ff92b56e000 	C:\Windows\System32\msvcrt.dll
0x00007ff92a580000 - 0x00007ff92a690000 	C:\Windows\System32\gdi32full.dll
0x00007ff92acb0000 - 0x00007ff92ad4d000 	C:\Windows\System32\msvcp_win.dll
0x00007ff92c490000 - 0x00007ff92c4c0000 	C:\Windows\System32\IMM32.DLL
0x00007ff922200000 - 0x00007ff92220c000 	C:\Program Files\Android\Android Studio\jbr\bin\vcruntime140_1.dll
0x00007ff909910000 - 0x00007ff90999d000 	C:\Program Files\Android\Android Studio\jbr\bin\msvcp140.dll
0x00007ff8eb460000 - 0x00007ff8ec01c000 	C:\Program Files\Android\Android Studio\jbr\bin\server\jvm.dll
0x00007ff92b360000 - 0x00007ff92b40e000 	C:\Windows\System32\ADVAPI32.dll
0x00007ff92ca80000 - 0x00007ff92cb1c000 	C:\Windows\System32\sechost.dll
0x00007ff92b640000 - 0x00007ff92b764000 	C:\Windows\System32\RPCRT4.dll
0x00007ff92aee0000 - 0x00007ff92aee8000 	C:\Windows\System32\PSAPI.DLL
0x00007ff924f10000 - 0x00007ff924f1a000 	C:\Windows\SYSTEM32\VERSION.dll
0x00007ff91b480000 - 0x00007ff91b489000 	C:\Windows\SYSTEM32\WSOCK32.dll
0x00007ff91b960000 - 0x00007ff91b987000 	C:\Windows\SYSTEM32\WINMM.dll
0x00007ff92b930000 - 0x00007ff92b99b000 	C:\Windows\System32\WS2_32.dll
0x00007ff928cd0000 - 0x00007ff928ce2000 	C:\Windows\SYSTEM32\kernel.appcore.dll
0x00007ff923fd0000 - 0x00007ff923fe0000 	C:\Program Files\Android\Android Studio\jbr\bin\verify.dll
0x00007ff928230000 - 0x00007ff928414000 	C:\Windows\SYSTEM32\DBGHELP.DLL
0x00007ff923a70000 - 0x00007ff923aa4000 	C:\Windows\SYSTEM32\dbgcore.DLL
0x00007ff92ac20000 - 0x00007ff92aca2000 	C:\Windows\System32\bcryptPrimitives.dll
0x00007ff9059e0000 - 0x00007ff905a08000 	C:\Program Files\Android\Android Studio\jbr\bin\java.dll
0x00007ff922250000 - 0x00007ff92225a000 	C:\Program Files\Android\Android Studio\jbr\bin\jimage.dll
0x00007ff9059c0000 - 0x00007ff9059d8000 	C:\Program Files\Android\Android Studio\jbr\bin\zip.dll
0x00007ff92bb40000 - 0x00007ff92c284000 	C:\Windows\System32\SHELL32.dll
0x00007ff928420000 - 0x00007ff928bb3000 	C:\Windows\SYSTEM32\windows.storage.dll
0x00007ff92aef0000 - 0x00007ff92b244000 	C:\Windows\System32\combase.dll
0x00007ff929e70000 - 0x00007ff929e9e000 	C:\Windows\SYSTEM32\Wldp.dll
0x00007ff92add0000 - 0x00007ff92ae7d000 	C:\Windows\System32\SHCORE.dll
0x00007ff92b410000 - 0x00007ff92b465000 	C:\Windows\System32\shlwapi.dll
0x00007ff92a3c0000 - 0x00007ff92a3df000 	C:\Windows\SYSTEM32\profapi.dll
0x00007ff9059a0000 - 0x00007ff9059b9000 	C:\Program Files\Android\Android Studio\jbr\bin\net.dll
0x00007ff9217b0000 - 0x00007ff9218ba000 	C:\Windows\SYSTEM32\WINHTTP.dll
0x00007ff929b60000 - 0x00007ff929bca000 	C:\Windows\system32\mswsock.dll
0x00007ff9036c0000 - 0x00007ff9036d3000 	C:\Program Files\Android\Android Studio\jbr\bin\nio.dll
0x00007ff922260000 - 0x00007ff922287000 	C:\Users\Asus\.gradle\native\e1d6ef7f7dcc3fd88c89a11ec53ec762bb8ba0a96d01ffa2cd45eb1d1d8dd5c5\windows-amd64\native-platform.dll
0x00007ff8f5ff0000 - 0x00007ff8f6134000 	C:\Users\Asus\.gradle\native\5664cfc778a61ccfe75a443a1ab52a65af34e5dc3c78e0209fed803814484fcb\windows-amd64\native-platform-file-events.dll
0x00007ff920590000 - 0x00007ff92059a000 	C:\Program Files\Android\Android Studio\jbr\bin\management.dll
0x00007ff9200f0000 - 0x00007ff9200fb000 	C:\Program Files\Android\Android Studio\jbr\bin\management_ext.dll
0x00007ff929dc0000 - 0x00007ff929dd8000 	C:\Windows\SYSTEM32\CRYPTSP.dll
0x00007ff929480000 - 0x00007ff9294b4000 	C:\Windows\system32\rsaenh.dll
0x00007ff92ad50000 - 0x00007ff92ad77000 	C:\Windows\System32\bcrypt.dll
0x00007ff92a380000 - 0x00007ff92a3ae000 	C:\Windows\SYSTEM32\USERENV.dll
0x00007ff929de0000 - 0x00007ff929dec000 	C:\Windows\SYSTEM32\CRYPTBASE.dll
0x00007ff929850000 - 0x00007ff92988c000 	C:\Windows\SYSTEM32\IPHLPAPI.DLL
0x00007ff92c2b0000 - 0x00007ff92c2b8000 	C:\Windows\System32\NSI.dll
0x00007ff921c20000 - 0x00007ff921c37000 	C:\Windows\SYSTEM32\dhcpcsvc6.DLL
0x00007ff923240000 - 0x00007ff92325d000 	C:\Windows\SYSTEM32\dhcpcsvc.DLL
0x00007ff929890000 - 0x00007ff92995b000 	C:\Windows\SYSTEM32\DNSAPI.dll

dbghelp: loaded successfully - version: 4.0.5 - missing functions: none
symbol engine: initialized successfully - sym options: 0x614 - pdb path: .;C:\Program Files\Android\Android Studio\jbr\bin;C:\Windows\SYSTEM32;C:\Windows\WinSxS\amd64_microsoft.windows.common-controls_6595b64144ccf1df_6.0.19041.1110_none_60b5254171f9507e;C:\Program Files\Android\Android Studio\jbr\bin\server;C:\Users\Asus\.gradle\native\e1d6ef7f7dcc3fd88c89a11ec53ec762bb8ba0a96d01ffa2cd45eb1d1d8dd5c5\windows-amd64;C:\Users\Asus\.gradle\native\5664cfc778a61ccfe75a443a1ab52a65af34e5dc3c78e0209fed803814484fcb\windows-amd64

VM Arguments:
jvm_args: --add-opens=java.base/java.util=ALL-UNNAMED --add-opens=java.base/java.lang=ALL-UNNAMED --add-opens=java.base/java.lang.invoke=ALL-UNNAMED --add-opens=java.base/java.util=ALL-UNNAMED --add-opens=java.prefs/java.util.prefs=ALL-UNNAMED --add-opens=java.prefs/java.util.prefs=ALL-UNNAMED --add-opens=java.base/java.nio.charset=ALL-UNNAMED --add-opens=java.base/java.net=ALL-UNNAMED --add-opens=java.base/java.util.concurrent.atomic=ALL-UNNAMED -Xmx2048m -Dfile.encoding=UTF-8 -Duser.country=US -Duser.language=en -Duser.variant 
java_command: org.gradle.launcher.daemon.bootstrap.GradleDaemon 7.3.3
java_class_path (initial): C:\Users\Asus\.gradle\wrapper\dists\gradle-7.3.3-bin\6a41zxkdtcxs8rphpq6y0069z\gradle-7.3.3\lib\gradle-launcher-7.3.3.jar
Launcher Type: SUN_STANDARD

[Global flags]
     intx CICompilerCount                          = 3                                         {product} {ergonomic}
     uint ConcGCThreads                            = 1                                         {product} {ergonomic}
     uint G1ConcRefinementThreads                  = 4                                         {product} {ergonomic}
   size_t G1HeapRegionSize                         = 1048576                                   {product} {ergonomic}
    uintx GCDrainStackTargetSize                   = 64                                        {product} {ergonomic}
   size_t InitialHeapSize                          = 62914560                                  {product} {ergonomic}
   size_t MarkStackSize                            = 4194304                                   {product} {ergonomic}
   size_t MaxHeapSize                              = 2147483648                                {product} {command line}
   size_t MaxNewSize                               = 1287651328                                {product} {ergonomic}
   size_t MinHeapDeltaBytes                        = 1048576                                   {product} {ergonomic}
    uintx NonNMethodCodeHeapSize                   = 5830732                                {pd product} {ergonomic}
    uintx NonProfiledCodeHeapSize                  = 122913754                              {pd product} {ergonomic}
    uintx ProfiledCodeHeapSize                     = 122913754                              {pd product} {ergonomic}
    uintx ReservedCodeCacheSize                    = 251658240                              {pd product} {ergonomic}
     bool SegmentedCodeCache                       = true                                      {product} {ergonomic}
     bool UseCompressedClassPointers               = true                                 {lp64_product} {ergonomic}
     bool UseCompressedOops                        = true                                 {lp64_product} {ergonomic}
     bool UseG1GC                                  = true                                      {product} {ergonomic}
     bool UseLargePagesIndividualAllocation        = false                                  {pd product} {ergonomic}

Logging:
Log output configuration:
 #0: stdout all=warning uptime,level,tags
 #1: stderr all=off uptime,level,tags

Environment Variables:
PATH=C:\Users\Asus\AppData\Local\Programs\Python\Python310\Scripts\;C:\Users\Asus\AppData\Local\Programs\Python\Python310\;C:\oraclexe\app\oracle\product\11.2.0\server\bin;C:\Program Files\Common Files\Oracle\Java\javapath;C:\Windows\system32;C:\Windows;C:\Windows\System32\Wbem;C:\Windows\System32\WindowsPowerShell\v1.0\;C:\Windows\System32\OpenSSH\;C:\Program Files\nodejs\;C:\ProgramData\chocolatey\bin;C:\ProgramData\ComposerSetup\bin;C:\Program Files\php-7.4.33;C:\Program Files\Git\cmd;C:\Users\Asus\AppData\Local\Microsoft\WindowsApps;C:\Users\Asus\AppData\Roaming\Python\Python310\Scripts;C:\Users\Asus\AppData\Local\Programs\Microsoft VS Code\bin;C:\src\flutter\bin;C:\Users\Asus\AppData\Roaming\npm;C:\Program Files\JetBrains\WebStorm 2021.3.2\bin;;C:\Program Files\JetBrains\PhpStorm 2021.3.2\bin;;C:\Users\Asus\AppData\Local\GitHubDesktop\bin;C:\Users\Asus\AppData\Roaming\Composer\vendor\bin
USERNAME=Asus
OS=Windows_NT
PROCESSOR_IDENTIFIER=Intel64 Family 6 Model 126 Stepping 5, GenuineIntel



---------------  S Y S T E M  ---------------

OS: Windows 10 , 64 bit Build 19041 (10.0.19041.2788)
OS uptime: 1 days 1:09 hours

CPU:total 4 (initial active 4) (2 cores per cpu, 2 threads per core) family 6 model 126 stepping 5 microcode 0xa6, cmov, cx8, fxsr, mmx, sse, sse2, sse3, ssse3, sse4.1, sse4.2, popcnt, avx, avx2, aes, clmul, erms, 3dnowpref, lzcnt, ht, tsc, tscinvbit, bmi1, bmi2, adx, evex, sha, fma

Memory: 4k page, system-wide physical 3836M (178M free)
TotalPageFile size 7932M (AvailPageFile size 1M)
current process WorkingSet (physical memory assigned to process): 207M, peak: 223M
current process commit charge ("private bytes"): 340M, peak: 342M

vm_info: OpenJDK 64-Bit Server VM (11.0.15+0-b2043.56-9505619) for windows-amd64 JRE (11.0.15+0-b2043.56-9505619), built on Jan 19 2023 02:48:00 by "builduser" with unknown MS VC++:1929

END.
